
> webpack-react@1.0.0 dev /home/luyangfei/deploy/VTKClient
> webpack-dev-server --content-base ./build

[34mℹ[39m [90m｢wds｣[39m: Project is running at http://192.168.2.134:3700/
[34mℹ[39m [90m｢wds｣[39m: webpack output is served from /
[34mℹ[39m [90m｢wds｣[39m: Content not from webpack is served from /home/luyangfei/deploy/VTKClient/build
[34mℹ[39m [90m｢wds｣[39m: 404s will fallback to /index.html
[34mℹ[39m [90m｢wdm｣[39m: Hash: b31d663c0e8feaa169e9
Version: webpack 4.43.0
Time: 10779ms
Built at: 07/15/2020 9:46:05 AM
           Asset       Size  Chunks             Chunk Names
       bundle.js   21.3 MiB    main  [emitted]  main
      index.html  386 bytes          [emitted]  
styles.bundle.js    8.7 KiB  styles  [emitted]  styles
      styles.css    832 KiB  styles  [emitted]  styles
Entrypoint main = styles.css styles.bundle.js bundle.js
[0] multi (webpack)-dev-server/client?http://192.168.2.134:3700 (webpack)/hot/dev-server.js webpack/hot/only-dev-server.js ./src/index.js 64 bytes {main} [built]
[./node_modules/react-dom/index.js] 1.33 KiB {main} [built]
[./node_modules/react/index.js] 190 bytes {main} [built]
[./node_modules/strip-ansi/index.js] 161 bytes {main} [built]
[./node_modules/webpack-dev-server/client/index.js?http://192.168.2.134:3700] (webpack)-dev-server/client?http://192.168.2.134:3700 4.29 KiB {main} [built]
[./node_modules/webpack-dev-server/client/overlay.js] (webpack)-dev-server/client/overlay.js 3.51 KiB {main} [built]
[./node_modules/webpack-dev-server/client/socket.js] (webpack)-dev-server/client/socket.js 1.53 KiB {main} [built]
[./node_modules/webpack-dev-server/client/utils/createSocketUrl.js] (webpack)-dev-server/client/utils/createSocketUrl.js 2.91 KiB {main} [built]
[./node_modules/webpack-dev-server/client/utils/log.js] (webpack)-dev-server/client/utils/log.js 964 bytes {main} [built]
[./node_modules/webpack-dev-server/client/utils/reloadApp.js] (webpack)-dev-server/client/utils/reloadApp.js 1.59 KiB {main} [built]
[./node_modules/webpack-dev-server/client/utils/sendMessage.js] (webpack)-dev-server/client/utils/sendMessage.js 402 bytes {main} [built]
[./node_modules/webpack/hot sync ^\.\/log$] (webpack)/hot sync nonrecursive ^\.\/log$ 170 bytes {main} [built]
[./node_modules/webpack/hot/dev-server.js] (webpack)/hot/dev-server.js 1.59 KiB {main} [built]
[./node_modules/webpack/hot/only-dev-server.js] (webpack)/hot/only-dev-server.js 2.52 KiB {main} [built]
[./src/index.js] 807 bytes {main} [built]
    + 2518 hidden modules
Child HtmlWebpackCompiler:
     1 asset
    Entrypoint HtmlWebpackPlugin_0 = __child-HtmlWebpackPlugin_0
    [./node_modules/html-webpack-plugin/lib/loader.js!./src/template.html] 528 bytes {HtmlWebpackPlugin_0} [built]
Child mini-css-extract-plugin node_modules/css-loader/dist/cjs.js!node_modules/antd/lib/button/style/index.css:
    Entrypoint mini-css-extract-plugin = *
    [./node_modules/css-loader/dist/cjs.js!./node_modules/antd/lib/button/style/index.css] 51 KiB {mini-css-extract-plugin} [built]
    [./node_modules/css-loader/dist/runtime/api.js] 2.46 KiB {mini-css-extract-plugin} [built]
Child mini-css-extract-plugin node_modules/css-loader/dist/cjs.js!node_modules/antd/lib/checkbox/style/index.css:
    Entrypoint mini-css-extract-plugin = *
    [./node_modules/css-loader/dist/cjs.js!./node_modules/antd/lib/checkbox/style/index.css] 6.57 KiB {mini-css-extract-plugin} [built]
    [./node_modules/css-loader/dist/runtime/api.js] 2.46 KiB {mini-css-extract-plugin} [built]
Child mini-css-extract-plugin node_modules/css-loader/dist/cjs.js!node_modules/antd/lib/empty/style/index.css:
    Entrypoint mini-css-extract-plugin = *
    [./node_modules/css-loader/dist/cjs.js!./node_modules/antd/lib/empty/style/index.css] 1.67 KiB {mini-css-extract-plugin} [built]
    [./node_modules/css-loader/dist/runtime/api.js] 2.46 KiB {mini-css-extract-plugin} [built]
Child mini-css-extract-plugin node_modules/css-loader/dist/cjs.js!node_modules/antd/lib/grid/style/index.css:
    Entrypoint mini-css-extract-plugin = *
    [./node_modules/css-loader/dist/cjs.js!./node_modules/antd/lib/grid/style/index.css] 120 KiB {mini-css-extract-plugin} [built]
    [./node_modules/css-loader/dist/runtime/api.js] 2.46 KiB {mini-css-extract-plugin} [built]
Child mini-css-extract-plugin node_modules/css-loader/dist/cjs.js!node_modules/antd/lib/input-number/style/index.css:
    Entrypoint mini-css-extract-plugin = *
    [./node_modules/css-loader/dist/cjs.js!./node_modules/antd/lib/input-number/style/index.css] 8.65 KiB {mini-css-extract-plugin} [built]
    [./node_modules/css-loader/dist/runtime/api.js] 2.46 KiB {mini-css-extract-plugin} [built]
Child mini-css-extract-plugin node_modules/css-loader/dist/cjs.js!node_modules/antd/lib/input/style/index.css:
    Entrypoint mini-css-extract-plugin = *
    [./node_modules/css-loader/dist/cjs.js!./node_modules/antd/lib/input/style/index.css] 24.1 KiB {mini-css-extract-plugin} [built]
    [./node_modules/css-loader/dist/runtime/api.js] 2.46 KiB {mini-css-extract-plugin} [built]
Child mini-css-extract-plugin node_modules/css-loader/dist/cjs.js!node_modules/antd/lib/layout/style/index.css:
    Entrypoint mini-css-extract-plugin = *
    [./node_modules/css-loader/dist/cjs.js!./node_modules/antd/lib/layout/style/index.css] 3.47 KiB {mini-css-extract-plugin} [built]
    [./node_modules/css-loader/dist/runtime/api.js] 2.46 KiB {mini-css-extract-plugin} [built]
Child mini-css-extract-plugin node_modules/css-loader/dist/cjs.js!node_modules/antd/lib/message/style/index.css:
    Entrypoint mini-css-extract-plugin = *
    [./node_modules/css-loader/dist/cjs.js!./node_modules/antd/lib/message/style/index.css] 2.49 KiB {mini-css-extract-plugin} [built]
    [./node_modules/css-loader/dist/runtime/api.js] 2.46 KiB {mini-css-extract-plugin} [built]
Child mini-css-extract-plugin node_modules/css-loader/dist/cjs.js!node_modules/antd/lib/select/style/index.css:
    Entrypoint mini-css-extract-plugin = *
    [./node_modules/css-loader/dist/cjs.js!./node_modules/antd/lib/select/style/index.css] 21.5 KiB {mini-css-extract-plugin} [built]
    [./node_modules/css-loader/dist/runtime/api.js] 2.46 KiB {mini-css-extract-plugin} [built]
Child mini-css-extract-plugin node_modules/css-loader/dist/cjs.js!node_modules/antd/lib/slider/style/index.css:
    Entrypoint mini-css-extract-plugin = *
    [./node_modules/css-loader/dist/cjs.js!./node_modules/antd/lib/slider/style/index.css] 5.8 KiB {mini-css-extract-plugin} [built]
    [./node_modules/css-loader/dist/runtime/api.js] 2.46 KiB {mini-css-extract-plugin} [built]
Child mini-css-extract-plugin node_modules/css-loader/dist/cjs.js!node_modules/antd/lib/spin/style/index.css:
    Entrypoint mini-css-extract-plugin = *
    [./node_modules/css-loader/dist/cjs.js!./node_modules/antd/lib/spin/style/index.css] 5.78 KiB {mini-css-extract-plugin} [built]
    [./node_modules/css-loader/dist/runtime/api.js] 2.46 KiB {mini-css-extract-plugin} [built]
Child mini-css-extract-plugin node_modules/css-loader/dist/cjs.js!node_modules/antd/lib/style/index.css:
    Entrypoint mini-css-extract-plugin = *
    [./node_modules/css-loader/dist/cjs.js!./node_modules/antd/lib/style/index.css] 52.5 KiB {mini-css-extract-plugin} [built]
    [./node_modules/css-loader/dist/runtime/api.js] 2.46 KiB {mini-css-extract-plugin} [built]
Child mini-css-extract-plugin node_modules/css-loader/dist/cjs.js!node_modules/antd/lib/tooltip/style/index.css:
    Entrypoint mini-css-extract-plugin = *
    [./node_modules/css-loader/dist/cjs.js!./node_modules/antd/lib/tooltip/style/index.css] 7.99 KiB {mini-css-extract-plugin} [built]
    [./node_modules/css-loader/dist/runtime/api.js] 2.46 KiB {mini-css-extract-plugin} [built]
Child mini-css-extract-plugin node_modules/css-loader/dist/cjs.js!node_modules/antd/lib/tree/style/index.css:
    Entrypoint mini-css-extract-plugin = *
    [./node_modules/css-loader/dist/cjs.js!./node_modules/antd/lib/tree/style/index.css] 13.9 KiB {mini-css-extract-plugin} [built]
    [./node_modules/css-loader/dist/runtime/api.js] 2.46 KiB {mini-css-extract-plugin} [built]
Child mini-css-extract-plugin node_modules/css-loader/dist/cjs.js!node_modules/vtk.js/Examples/Geometry/SpheresAndLabels/style.module.css:
    Entrypoint mini-css-extract-plugin = *
    [./node_modules/css-loader/dist/cjs.js!./node_modules/vtk.js/Examples/Geometry/SpheresAndLabels/style.module.css] 318 bytes {mini-css-extract-plugin} [built]
    [./node_modules/css-loader/dist/runtime/api.js] 2.46 KiB {mini-css-extract-plugin} [built]
Child mini-css-extract-plugin node_modules/css-loader/dist/cjs.js!src/index.css:
    Entrypoint mini-css-extract-plugin = *
    [./node_modules/css-loader/dist/cjs.js!./src/index.css] 2.06 KiB {mini-css-extract-plugin} [built]
    [./node_modules/css-loader/dist/runtime/api.js] 2.46 KiB {mini-css-extract-plugin} [built]
[34mℹ[39m [90m｢wdm｣[39m: Compiled successfully.
[HPM] Error occurred while trying to proxy request /dicom/Fmesh.json from 192.168.2.134:3700 to http://192.168.2.112:8100 (ECONNREFUSED) (https://nodejs.org/api/errors.html#errors_common_system_errors)
[HPM] Error occurred while trying to proxy request /dicom/Fmesh.json from 192.168.2.134:3700 to http://192.168.2.112:8100 (ECONNREFUSED) (https://nodejs.org/api/errors.html#errors_common_system_errors)
Killed
npm ERR! code ELIFECYCLE
npm ERR! errno 137
npm ERR! webpack-react@1.0.0 dev: `webpack-dev-server --content-base ./build`
npm ERR! Exit status 137
npm ERR! 
npm ERR! Failed at the webpack-react@1.0.0 dev script.
npm ERR! This is probably not a problem with npm. There is likely additional logging output above.

npm ERR! A complete log of this run can be found in:
npm ERR!     /home/luyangfei/.npm/_logs/2020-07-15T01_47_27_118Z-debug.log

> webpack-react@1.0.0 dev /home/luyangfei/deploy/VTKClient
> webpack-dev-server --content-base ./build

[34mℹ[39m [90m｢wds｣[39m: Project is running at http://192.168.2.134:3700/
[34mℹ[39m [90m｢wds｣[39m: webpack output is served from /
[34mℹ[39m [90m｢wds｣[39m: Content not from webpack is served from /home/luyangfei/deploy/VTKClient/build
[34mℹ[39m [90m｢wds｣[39m: 404s will fallback to /index.html
[34mℹ[39m [90m｢wdm｣[39m: Hash: b31d663c0e8feaa169e9
Version: webpack 4.43.0
Time: 10622ms
Built at: 07/15/2020 9:48:55 AM
           Asset       Size  Chunks             Chunk Names
       bundle.js   21.3 MiB    main  [emitted]  main
      index.html  386 bytes          [emitted]  
styles.bundle.js    8.7 KiB  styles  [emitted]  styles
      styles.css    832 KiB  styles  [emitted]  styles
Entrypoint main = styles.css styles.bundle.js bundle.js
[0] multi (webpack)-dev-server/client?http://192.168.2.134:3700 (webpack)/hot/dev-server.js webpack/hot/only-dev-server.js ./src/index.js 64 bytes {main} [built]
[./node_modules/react-dom/index.js] 1.33 KiB {main} [built]
[./node_modules/react/index.js] 190 bytes {main} [built]
[./node_modules/strip-ansi/index.js] 161 bytes {main} [built]
[./node_modules/webpack-dev-server/client/index.js?http://192.168.2.134:3700] (webpack)-dev-server/client?http://192.168.2.134:3700 4.29 KiB {main} [built]
[./node_modules/webpack-dev-server/client/overlay.js] (webpack)-dev-server/client/overlay.js 3.51 KiB {main} [built]
[./node_modules/webpack-dev-server/client/socket.js] (webpack)-dev-server/client/socket.js 1.53 KiB {main} [built]
[./node_modules/webpack-dev-server/client/utils/createSocketUrl.js] (webpack)-dev-server/client/utils/createSocketUrl.js 2.91 KiB {main} [built]
[./node_modules/webpack-dev-server/client/utils/log.js] (webpack)-dev-server/client/utils/log.js 964 bytes {main} [built]
[./node_modules/webpack-dev-server/client/utils/reloadApp.js] (webpack)-dev-server/client/utils/reloadApp.js 1.59 KiB {main} [built]
[./node_modules/webpack-dev-server/client/utils/sendMessage.js] (webpack)-dev-server/client/utils/sendMessage.js 402 bytes {main} [built]
[./node_modules/webpack/hot sync ^\.\/log$] (webpack)/hot sync nonrecursive ^\.\/log$ 170 bytes {main} [built]
[./node_modules/webpack/hot/dev-server.js] (webpack)/hot/dev-server.js 1.59 KiB {main} [built]
[./node_modules/webpack/hot/only-dev-server.js] (webpack)/hot/only-dev-server.js 2.52 KiB {main} [built]
[./src/index.js] 807 bytes {main} [built]
    + 2518 hidden modules
Child HtmlWebpackCompiler:
     1 asset
    Entrypoint HtmlWebpackPlugin_0 = __child-HtmlWebpackPlugin_0
    [./node_modules/html-webpack-plugin/lib/loader.js!./src/template.html] 528 bytes {HtmlWebpackPlugin_0} [built]
Child mini-css-extract-plugin node_modules/css-loader/dist/cjs.js!node_modules/antd/lib/button/style/index.css:
    Entrypoint mini-css-extract-plugin = *
    [./node_modules/css-loader/dist/cjs.js!./node_modules/antd/lib/button/style/index.css] 51 KiB {mini-css-extract-plugin} [built]
    [./node_modules/css-loader/dist/runtime/api.js] 2.46 KiB {mini-css-extract-plugin} [built]
Child mini-css-extract-plugin node_modules/css-loader/dist/cjs.js!node_modules/antd/lib/checkbox/style/index.css:
    Entrypoint mini-css-extract-plugin = *
    [./node_modules/css-loader/dist/cjs.js!./node_modules/antd/lib/checkbox/style/index.css] 6.57 KiB {mini-css-extract-plugin} [built]
    [./node_modules/css-loader/dist/runtime/api.js] 2.46 KiB {mini-css-extract-plugin} [built]
Child mini-css-extract-plugin node_modules/css-loader/dist/cjs.js!node_modules/antd/lib/empty/style/index.css:
    Entrypoint mini-css-extract-plugin = *
    [./node_modules/css-loader/dist/cjs.js!./node_modules/antd/lib/empty/style/index.css] 1.67 KiB {mini-css-extract-plugin} [built]
    [./node_modules/css-loader/dist/runtime/api.js] 2.46 KiB {mini-css-extract-plugin} [built]
Child mini-css-extract-plugin node_modules/css-loader/dist/cjs.js!node_modules/antd/lib/grid/style/index.css:
    Entrypoint mini-css-extract-plugin = *
    [./node_modules/css-loader/dist/cjs.js!./node_modules/antd/lib/grid/style/index.css] 120 KiB {mini-css-extract-plugin} [built]
    [./node_modules/css-loader/dist/runtime/api.js] 2.46 KiB {mini-css-extract-plugin} [built]
Child mini-css-extract-plugin node_modules/css-loader/dist/cjs.js!node_modules/antd/lib/input-number/style/index.css:
    Entrypoint mini-css-extract-plugin = *
    [./node_modules/css-loader/dist/cjs.js!./node_modules/antd/lib/input-number/style/index.css] 8.65 KiB {mini-css-extract-plugin} [built]
    [./node_modules/css-loader/dist/runtime/api.js] 2.46 KiB {mini-css-extract-plugin} [built]
Child mini-css-extract-plugin node_modules/css-loader/dist/cjs.js!node_modules/antd/lib/input/style/index.css:
    Entrypoint mini-css-extract-plugin = *
    [./node_modules/css-loader/dist/cjs.js!./node_modules/antd/lib/input/style/index.css] 24.1 KiB {mini-css-extract-plugin} [built]
    [./node_modules/css-loader/dist/runtime/api.js] 2.46 KiB {mini-css-extract-plugin} [built]
Child mini-css-extract-plugin node_modules/css-loader/dist/cjs.js!node_modules/antd/lib/layout/style/index.css:
    Entrypoint mini-css-extract-plugin = *
    [./node_modules/css-loader/dist/cjs.js!./node_modules/antd/lib/layout/style/index.css] 3.47 KiB {mini-css-extract-plugin} [built]
    [./node_modules/css-loader/dist/runtime/api.js] 2.46 KiB {mini-css-extract-plugin} [built]
Child mini-css-extract-plugin node_modules/css-loader/dist/cjs.js!node_modules/antd/lib/message/style/index.css:
    Entrypoint mini-css-extract-plugin = *
    [./node_modules/css-loader/dist/cjs.js!./node_modules/antd/lib/message/style/index.css] 2.49 KiB {mini-css-extract-plugin} [built]
    [./node_modules/css-loader/dist/runtime/api.js] 2.46 KiB {mini-css-extract-plugin} [built]
Child mini-css-extract-plugin node_modules/css-loader/dist/cjs.js!node_modules/antd/lib/select/style/index.css:
    Entrypoint mini-css-extract-plugin = *
    [./node_modules/css-loader/dist/cjs.js!./node_modules/antd/lib/select/style/index.css] 21.5 KiB {mini-css-extract-plugin} [built]
    [./node_modules/css-loader/dist/runtime/api.js] 2.46 KiB {mini-css-extract-plugin} [built]
Child mini-css-extract-plugin node_modules/css-loader/dist/cjs.js!node_modules/antd/lib/slider/style/index.css:
    Entrypoint mini-css-extract-plugin = *
    [./node_modules/css-loader/dist/cjs.js!./node_modules/antd/lib/slider/style/index.css] 5.8 KiB {mini-css-extract-plugin} [built]
    [./node_modules/css-loader/dist/runtime/api.js] 2.46 KiB {mini-css-extract-plugin} [built]
Child mini-css-extract-plugin node_modules/css-loader/dist/cjs.js!node_modules/antd/lib/spin/style/index.css:
    Entrypoint mini-css-extract-plugin = *
    [./node_modules/css-loader/dist/cjs.js!./node_modules/antd/lib/spin/style/index.css] 5.78 KiB {mini-css-extract-plugin} [built]
    [./node_modules/css-loader/dist/runtime/api.js] 2.46 KiB {mini-css-extract-plugin} [built]
Child mini-css-extract-plugin node_modules/css-loader/dist/cjs.js!node_modules/antd/lib/style/index.css:
    Entrypoint mini-css-extract-plugin = *
    [./node_modules/css-loader/dist/cjs.js!./node_modules/antd/lib/style/index.css] 52.5 KiB {mini-css-extract-plugin} [built]
    [./node_modules/css-loader/dist/runtime/api.js] 2.46 KiB {mini-css-extract-plugin} [built]
Child mini-css-extract-plugin node_modules/css-loader/dist/cjs.js!node_modules/antd/lib/tooltip/style/index.css:
    Entrypoint mini-css-extract-plugin = *
    [./node_modules/css-loader/dist/cjs.js!./node_modules/antd/lib/tooltip/style/index.css] 7.99 KiB {mini-css-extract-plugin} [built]
    [./node_modules/css-loader/dist/runtime/api.js] 2.46 KiB {mini-css-extract-plugin} [built]
Child mini-css-extract-plugin node_modules/css-loader/dist/cjs.js!node_modules/antd/lib/tree/style/index.css:
    Entrypoint mini-css-extract-plugin = *
    [./node_modules/css-loader/dist/cjs.js!./node_modules/antd/lib/tree/style/index.css] 13.9 KiB {mini-css-extract-plugin} [built]
    [./node_modules/css-loader/dist/runtime/api.js] 2.46 KiB {mini-css-extract-plugin} [built]
Child mini-css-extract-plugin node_modules/css-loader/dist/cjs.js!node_modules/vtk.js/Examples/Geometry/SpheresAndLabels/style.module.css:
    Entrypoint mini-css-extract-plugin = *
    [./node_modules/css-loader/dist/cjs.js!./node_modules/vtk.js/Examples/Geometry/SpheresAndLabels/style.module.css] 318 bytes {mini-css-extract-plugin} [built]
    [./node_modules/css-loader/dist/runtime/api.js] 2.46 KiB {mini-css-extract-plugin} [built]
Child mini-css-extract-plugin node_modules/css-loader/dist/cjs.js!src/index.css:
    Entrypoint mini-css-extract-plugin = *
    [./node_modules/css-loader/dist/cjs.js!./src/index.css] 2.06 KiB {mini-css-extract-plugin} [built]
    [./node_modules/css-loader/dist/runtime/api.js] 2.46 KiB {mini-css-extract-plugin} [built]
[34mℹ[39m [90m｢wdm｣[39m: Compiled successfully.
[HPM] Error occurred while trying to proxy request /dicom/Fmesh.json from 192.168.2.134:3700 to http://192.168.2.112:8100 (ECONNREFUSED) (https://nodejs.org/api/errors.html#errors_common_system_errors)
[34mℹ[39m [90m｢wdm｣[39m: Compiling...
[34mℹ[39m [90m｢wdm｣[39m: Hash: a784a245a8e76c39ce58
Version: webpack 4.43.0
Time: 3283ms
Built at: 07/15/2020 9:51:50 AM
                                    Asset      Size  Chunks                               Chunk Names
     b31d663c0e8feaa169e9.hot-update.json  60 bytes          [emitted] [immutable] [hmr]  
                                bundle.js  21.3 MiB    main  [emitted]                    main
  main.b31d663c0e8feaa169e9.hot-update.js  1.92 KiB    main  [emitted] [immutable] [hmr]  main
styles.b31d663c0e8feaa169e9.hot-update.js  9.05 KiB  styles  [emitted] [immutable] [hmr]  styles
                         styles.bundle.js   8.7 KiB  styles  [emitted]                    styles
                               styles.css   832 KiB  styles  [emitted]                    styles
Entrypoint main = styles.css styles.bundle.js styles.b31d663c0e8feaa169e9.hot-update.js bundle.js main.b31d663c0e8feaa169e9.hot-update.js
[./src/url.js] 976 bytes {main} [built]
    + 2532 hidden modules
[34mℹ[39m [90m｢wdm｣[39m: Compiled successfully.
[HPM] Error occurred while trying to proxy request /dicom/Fmesh.json from 192.168.2.134:3700 to http://192.168.2.112:8100 (ECONNREFUSED) (https://nodejs.org/api/errors.html#errors_common_system_errors)
Killed
npm ERR! code ELIFECYCLE
npm ERR! errno 137
npm ERR! webpack-react@1.0.0 dev: `webpack-dev-server --content-base ./build`
npm ERR! Exit status 137
npm ERR! 
npm ERR! Failed at the webpack-react@1.0.0 dev script.
npm ERR! This is probably not a problem with npm. There is likely additional logging output above.

npm ERR! A complete log of this run can be found in:
npm ERR!     /home/luyangfei/.npm/_logs/2020-07-15T01_53_38_835Z-debug.log

> webpack-react@1.0.0 dev /home/luyangfei/deploy/VTKClient
> webpack-dev-server --content-base ./build

[34mℹ[39m [90m｢wds｣[39m: Project is running at http://192.168.2.134:3700/
[34mℹ[39m [90m｢wds｣[39m: webpack output is served from /
[34mℹ[39m [90m｢wds｣[39m: Content not from webpack is served from /home/luyangfei/deploy/VTKClient/build
[34mℹ[39m [90m｢wds｣[39m: 404s will fallback to /index.html
[34mℹ[39m [90m｢wdm｣[39m: wait until bundle finished: /
[34mℹ[39m [90m｢wdm｣[39m: Hash: 270afa0438cef62426be
Version: webpack 4.43.0
Time: 10901ms
Built at: 07/15/2020 9:54:03 AM
           Asset       Size  Chunks             Chunk Names
       bundle.js   21.3 MiB    main  [emitted]  main
      index.html  386 bytes          [emitted]  
styles.bundle.js    8.7 KiB  styles  [emitted]  styles
      styles.css    832 KiB  styles  [emitted]  styles
Entrypoint main = styles.css styles.bundle.js bundle.js
[0] multi (webpack)-dev-server/client?http://192.168.2.134:3700 (webpack)/hot/dev-server.js webpack/hot/only-dev-server.js ./src/index.js 64 bytes {main} [built]
[./node_modules/react-dom/index.js] 1.33 KiB {main} [built]
[./node_modules/react/index.js] 190 bytes {main} [built]
[./node_modules/strip-ansi/index.js] 161 bytes {main} [built]
[./node_modules/webpack-dev-server/client/index.js?http://192.168.2.134:3700] (webpack)-dev-server/client?http://192.168.2.134:3700 4.29 KiB {main} [built]
[./node_modules/webpack-dev-server/client/overlay.js] (webpack)-dev-server/client/overlay.js 3.51 KiB {main} [built]
[./node_modules/webpack-dev-server/client/socket.js] (webpack)-dev-server/client/socket.js 1.53 KiB {main} [built]
[./node_modules/webpack-dev-server/client/utils/createSocketUrl.js] (webpack)-dev-server/client/utils/createSocketUrl.js 2.91 KiB {main} [built]
[./node_modules/webpack-dev-server/client/utils/log.js] (webpack)-dev-server/client/utils/log.js 964 bytes {main} [built]
[./node_modules/webpack-dev-server/client/utils/reloadApp.js] (webpack)-dev-server/client/utils/reloadApp.js 1.59 KiB {main} [built]
[./node_modules/webpack-dev-server/client/utils/sendMessage.js] (webpack)-dev-server/client/utils/sendMessage.js 402 bytes {main} [built]
[./node_modules/webpack/hot sync ^\.\/log$] (webpack)/hot sync nonrecursive ^\.\/log$ 170 bytes {main} [built]
[./node_modules/webpack/hot/dev-server.js] (webpack)/hot/dev-server.js 1.59 KiB {main} [built]
[./node_modules/webpack/hot/only-dev-server.js] (webpack)/hot/only-dev-server.js 2.52 KiB {main} [built]
[./src/index.js] 807 bytes {main} [built]
    + 2518 hidden modules
Child HtmlWebpackCompiler:
     1 asset
    Entrypoint HtmlWebpackPlugin_0 = __child-HtmlWebpackPlugin_0
    [./node_modules/html-webpack-plugin/lib/loader.js!./src/template.html] 528 bytes {HtmlWebpackPlugin_0} [built]
Child mini-css-extract-plugin node_modules/css-loader/dist/cjs.js!node_modules/antd/lib/button/style/index.css:
    Entrypoint mini-css-extract-plugin = *
    [./node_modules/css-loader/dist/cjs.js!./node_modules/antd/lib/button/style/index.css] 51 KiB {mini-css-extract-plugin} [built]
    [./node_modules/css-loader/dist/runtime/api.js] 2.46 KiB {mini-css-extract-plugin} [built]
Child mini-css-extract-plugin node_modules/css-loader/dist/cjs.js!node_modules/antd/lib/checkbox/style/index.css:
    Entrypoint mini-css-extract-plugin = *
    [./node_modules/css-loader/dist/cjs.js!./node_modules/antd/lib/checkbox/style/index.css] 6.57 KiB {mini-css-extract-plugin} [built]
    [./node_modules/css-loader/dist/runtime/api.js] 2.46 KiB {mini-css-extract-plugin} [built]
Child mini-css-extract-plugin node_modules/css-loader/dist/cjs.js!node_modules/antd/lib/empty/style/index.css:
    Entrypoint mini-css-extract-plugin = *
    [./node_modules/css-loader/dist/cjs.js!./node_modules/antd/lib/empty/style/index.css] 1.67 KiB {mini-css-extract-plugin} [built]
    [./node_modules/css-loader/dist/runtime/api.js] 2.46 KiB {mini-css-extract-plugin} [built]
Child mini-css-extract-plugin node_modules/css-loader/dist/cjs.js!node_modules/antd/lib/grid/style/index.css:
    Entrypoint mini-css-extract-plugin = *
    [./node_modules/css-loader/dist/cjs.js!./node_modules/antd/lib/grid/style/index.css] 120 KiB {mini-css-extract-plugin} [built]
    [./node_modules/css-loader/dist/runtime/api.js] 2.46 KiB {mini-css-extract-plugin} [built]
Child mini-css-extract-plugin node_modules/css-loader/dist/cjs.js!node_modules/antd/lib/input-number/style/index.css:
    Entrypoint mini-css-extract-plugin = *
    [./node_modules/css-loader/dist/cjs.js!./node_modules/antd/lib/input-number/style/index.css] 8.65 KiB {mini-css-extract-plugin} [built]
    [./node_modules/css-loader/dist/runtime/api.js] 2.46 KiB {mini-css-extract-plugin} [built]
Child mini-css-extract-plugin node_modules/css-loader/dist/cjs.js!node_modules/antd/lib/input/style/index.css:
    Entrypoint mini-css-extract-plugin = *
    [./node_modules/css-loader/dist/cjs.js!./node_modules/antd/lib/input/style/index.css] 24.1 KiB {mini-css-extract-plugin} [built]
    [./node_modules/css-loader/dist/runtime/api.js] 2.46 KiB {mini-css-extract-plugin} [built]
Child mini-css-extract-plugin node_modules/css-loader/dist/cjs.js!node_modules/antd/lib/layout/style/index.css:
    Entrypoint mini-css-extract-plugin = *
    [./node_modules/css-loader/dist/cjs.js!./node_modules/antd/lib/layout/style/index.css] 3.47 KiB {mini-css-extract-plugin} [built]
    [./node_modules/css-loader/dist/runtime/api.js] 2.46 KiB {mini-css-extract-plugin} [built]
Child mini-css-extract-plugin node_modules/css-loader/dist/cjs.js!node_modules/antd/lib/message/style/index.css:
    Entrypoint mini-css-extract-plugin = *
    [./node_modules/css-loader/dist/cjs.js!./node_modules/antd/lib/message/style/index.css] 2.49 KiB {mini-css-extract-plugin} [built]
    [./node_modules/css-loader/dist/runtime/api.js] 2.46 KiB {mini-css-extract-plugin} [built]
Child mini-css-extract-plugin node_modules/css-loader/dist/cjs.js!node_modules/antd/lib/select/style/index.css:
    Entrypoint mini-css-extract-plugin = *
    [./node_modules/css-loader/dist/cjs.js!./node_modules/antd/lib/select/style/index.css] 21.5 KiB {mini-css-extract-plugin} [built]
    [./node_modules/css-loader/dist/runtime/api.js] 2.46 KiB {mini-css-extract-plugin} [built]
Child mini-css-extract-plugin node_modules/css-loader/dist/cjs.js!node_modules/antd/lib/slider/style/index.css:
    Entrypoint mini-css-extract-plugin = *
    [./node_modules/css-loader/dist/cjs.js!./node_modules/antd/lib/slider/style/index.css] 5.8 KiB {mini-css-extract-plugin} [built]
    [./node_modules/css-loader/dist/runtime/api.js] 2.46 KiB {mini-css-extract-plugin} [built]
Child mini-css-extract-plugin node_modules/css-loader/dist/cjs.js!node_modules/antd/lib/spin/style/index.css:
    Entrypoint mini-css-extract-plugin = *
    [./node_modules/css-loader/dist/cjs.js!./node_modules/antd/lib/spin/style/index.css] 5.78 KiB {mini-css-extract-plugin} [built]
    [./node_modules/css-loader/dist/runtime/api.js] 2.46 KiB {mini-css-extract-plugin} [built]
Child mini-css-extract-plugin node_modules/css-loader/dist/cjs.js!node_modules/antd/lib/style/index.css:
    Entrypoint mini-css-extract-plugin = *
    [./node_modules/css-loader/dist/cjs.js!./node_modules/antd/lib/style/index.css] 52.5 KiB {mini-css-extract-plugin} [built]
    [./node_modules/css-loader/dist/runtime/api.js] 2.46 KiB {mini-css-extract-plugin} [built]
Child mini-css-extract-plugin node_modules/css-loader/dist/cjs.js!node_modules/antd/lib/tooltip/style/index.css:
    Entrypoint mini-css-extract-plugin = *
    [./node_modules/css-loader/dist/cjs.js!./node_modules/antd/lib/tooltip/style/index.css] 7.99 KiB {mini-css-extract-plugin} [built]
    [./node_modules/css-loader/dist/runtime/api.js] 2.46 KiB {mini-css-extract-plugin} [built]
Child mini-css-extract-plugin node_modules/css-loader/dist/cjs.js!node_modules/antd/lib/tree/style/index.css:
    Entrypoint mini-css-extract-plugin = *
    [./node_modules/css-loader/dist/cjs.js!./node_modules/antd/lib/tree/style/index.css] 13.9 KiB {mini-css-extract-plugin} [built]
    [./node_modules/css-loader/dist/runtime/api.js] 2.46 KiB {mini-css-extract-plugin} [built]
Child mini-css-extract-plugin node_modules/css-loader/dist/cjs.js!node_modules/vtk.js/Examples/Geometry/SpheresAndLabels/style.module.css:
    Entrypoint mini-css-extract-plugin = *
    [./node_modules/css-loader/dist/cjs.js!./node_modules/vtk.js/Examples/Geometry/SpheresAndLabels/style.module.css] 318 bytes {mini-css-extract-plugin} [built]
    [./node_modules/css-loader/dist/runtime/api.js] 2.46 KiB {mini-css-extract-plugin} [built]
Child mini-css-extract-plugin node_modules/css-loader/dist/cjs.js!src/index.css:
    Entrypoint mini-css-extract-plugin = *
    [./node_modules/css-loader/dist/cjs.js!./src/index.css] 2.06 KiB {mini-css-extract-plugin} [built]
    [./node_modules/css-loader/dist/runtime/api.js] 2.46 KiB {mini-css-extract-plugin} [built]
[34mℹ[39m [90m｢wdm｣[39m: Compiled successfully.
Killed
npm ERR! code ELIFECYCLE
npm ERR! errno 137
npm ERR! webpack-react@1.0.0 dev: `webpack-dev-server --content-base ./build`
npm ERR! Exit status 137
npm ERR! 
npm ERR! Failed at the webpack-react@1.0.0 dev script.
npm ERR! This is probably not a problem with npm. There is likely additional logging output above.

npm ERR! A complete log of this run can be found in:
npm ERR!     /home/luyangfei/.npm/_logs/2020-07-15T01_54_37_391Z-debug.log

> webpack-react@1.0.0 dev /home/luyangfei/deploy/VTKClient
> webpack-dev-server --content-base ./build

[34mℹ[39m [90m｢wds｣[39m: Project is running at http://192.168.2.134:3700/
[34mℹ[39m [90m｢wds｣[39m: webpack output is served from /
[34mℹ[39m [90m｢wds｣[39m: Content not from webpack is served from /home/luyangfei/deploy/VTKClient/build
[34mℹ[39m [90m｢wds｣[39m: 404s will fallback to /index.html
[34mℹ[39m [90m｢wdm｣[39m: Hash: 270afa0438cef62426be
Version: webpack 4.43.0
Time: 12776ms
Built at: 07/15/2020 9:55:17 AM
           Asset       Size  Chunks             Chunk Names
       bundle.js   21.3 MiB    main  [emitted]  main
      index.html  386 bytes          [emitted]  
styles.bundle.js    8.7 KiB  styles  [emitted]  styles
      styles.css    832 KiB  styles  [emitted]  styles
Entrypoint main = styles.css styles.bundle.js bundle.js
[0] multi (webpack)-dev-server/client?http://192.168.2.134:3700 (webpack)/hot/dev-server.js webpack/hot/only-dev-server.js ./src/index.js 64 bytes {main} [built]
[./node_modules/react-dom/index.js] 1.33 KiB {main} [built]
[./node_modules/react/index.js] 190 bytes {main} [built]
[./node_modules/strip-ansi/index.js] 161 bytes {main} [built]
[./node_modules/webpack-dev-server/client/index.js?http://192.168.2.134:3700] (webpack)-dev-server/client?http://192.168.2.134:3700 4.29 KiB {main} [built]
[./node_modules/webpack-dev-server/client/overlay.js] (webpack)-dev-server/client/overlay.js 3.51 KiB {main} [built]
[./node_modules/webpack-dev-server/client/socket.js] (webpack)-dev-server/client/socket.js 1.53 KiB {main} [built]
[./node_modules/webpack-dev-server/client/utils/createSocketUrl.js] (webpack)-dev-server/client/utils/createSocketUrl.js 2.91 KiB {main} [built]
[./node_modules/webpack-dev-server/client/utils/log.js] (webpack)-dev-server/client/utils/log.js 964 bytes {main} [built]
[./node_modules/webpack-dev-server/client/utils/reloadApp.js] (webpack)-dev-server/client/utils/reloadApp.js 1.59 KiB {main} [built]
[./node_modules/webpack-dev-server/client/utils/sendMessage.js] (webpack)-dev-server/client/utils/sendMessage.js 402 bytes {main} [built]
[./node_modules/webpack/hot sync ^\.\/log$] (webpack)/hot sync nonrecursive ^\.\/log$ 170 bytes {main} [built]
[./node_modules/webpack/hot/dev-server.js] (webpack)/hot/dev-server.js 1.59 KiB {main} [built]
[./node_modules/webpack/hot/only-dev-server.js] (webpack)/hot/only-dev-server.js 2.52 KiB {main} [built]
[./src/index.js] 807 bytes {main} [built]
    + 2518 hidden modules
Child HtmlWebpackCompiler:
     1 asset
    Entrypoint HtmlWebpackPlugin_0 = __child-HtmlWebpackPlugin_0
    [./node_modules/html-webpack-plugin/lib/loader.js!./src/template.html] 528 bytes {HtmlWebpackPlugin_0} [built]
Child mini-css-extract-plugin node_modules/css-loader/dist/cjs.js!node_modules/antd/lib/button/style/index.css:
    Entrypoint mini-css-extract-plugin = *
    [./node_modules/css-loader/dist/cjs.js!./node_modules/antd/lib/button/style/index.css] 51 KiB {mini-css-extract-plugin} [built]
    [./node_modules/css-loader/dist/runtime/api.js] 2.46 KiB {mini-css-extract-plugin} [built]
Child mini-css-extract-plugin node_modules/css-loader/dist/cjs.js!node_modules/antd/lib/checkbox/style/index.css:
    Entrypoint mini-css-extract-plugin = *
    [./node_modules/css-loader/dist/cjs.js!./node_modules/antd/lib/checkbox/style/index.css] 6.57 KiB {mini-css-extract-plugin} [built]
    [./node_modules/css-loader/dist/runtime/api.js] 2.46 KiB {mini-css-extract-plugin} [built]
Child mini-css-extract-plugin node_modules/css-loader/dist/cjs.js!node_modules/antd/lib/empty/style/index.css:
    Entrypoint mini-css-extract-plugin = *
    [./node_modules/css-loader/dist/cjs.js!./node_modules/antd/lib/empty/style/index.css] 1.67 KiB {mini-css-extract-plugin} [built]
    [./node_modules/css-loader/dist/runtime/api.js] 2.46 KiB {mini-css-extract-plugin} [built]
Child mini-css-extract-plugin node_modules/css-loader/dist/cjs.js!node_modules/antd/lib/grid/style/index.css:
    Entrypoint mini-css-extract-plugin = *
    [./node_modules/css-loader/dist/cjs.js!./node_modules/antd/lib/grid/style/index.css] 120 KiB {mini-css-extract-plugin} [built]
    [./node_modules/css-loader/dist/runtime/api.js] 2.46 KiB {mini-css-extract-plugin} [built]
Child mini-css-extract-plugin node_modules/css-loader/dist/cjs.js!node_modules/antd/lib/input-number/style/index.css:
    Entrypoint mini-css-extract-plugin = *
    [./node_modules/css-loader/dist/cjs.js!./node_modules/antd/lib/input-number/style/index.css] 8.65 KiB {mini-css-extract-plugin} [built]
    [./node_modules/css-loader/dist/runtime/api.js] 2.46 KiB {mini-css-extract-plugin} [built]
Child mini-css-extract-plugin node_modules/css-loader/dist/cjs.js!node_modules/antd/lib/input/style/index.css:
    Entrypoint mini-css-extract-plugin = *
    [./node_modules/css-loader/dist/cjs.js!./node_modules/antd/lib/input/style/index.css] 24.1 KiB {mini-css-extract-plugin} [built]
    [./node_modules/css-loader/dist/runtime/api.js] 2.46 KiB {mini-css-extract-plugin} [built]
Child mini-css-extract-plugin node_modules/css-loader/dist/cjs.js!node_modules/antd/lib/layout/style/index.css:
    Entrypoint mini-css-extract-plugin = *
    [./node_modules/css-loader/dist/cjs.js!./node_modules/antd/lib/layout/style/index.css] 3.47 KiB {mini-css-extract-plugin} [built]
    [./node_modules/css-loader/dist/runtime/api.js] 2.46 KiB {mini-css-extract-plugin} [built]
Child mini-css-extract-plugin node_modules/css-loader/dist/cjs.js!node_modules/antd/lib/message/style/index.css:
    Entrypoint mini-css-extract-plugin = *
    [./node_modules/css-loader/dist/cjs.js!./node_modules/antd/lib/message/style/index.css] 2.49 KiB {mini-css-extract-plugin} [built]
    [./node_modules/css-loader/dist/runtime/api.js] 2.46 KiB {mini-css-extract-plugin} [built]
Child mini-css-extract-plugin node_modules/css-loader/dist/cjs.js!node_modules/antd/lib/select/style/index.css:
    Entrypoint mini-css-extract-plugin = *
    [./node_modules/css-loader/dist/cjs.js!./node_modules/antd/lib/select/style/index.css] 21.5 KiB {mini-css-extract-plugin} [built]
    [./node_modules/css-loader/dist/runtime/api.js] 2.46 KiB {mini-css-extract-plugin} [built]
Child mini-css-extract-plugin node_modules/css-loader/dist/cjs.js!node_modules/antd/lib/slider/style/index.css:
    Entrypoint mini-css-extract-plugin = *
    [./node_modules/css-loader/dist/cjs.js!./node_modules/antd/lib/slider/style/index.css] 5.8 KiB {mini-css-extract-plugin} [built]
    [./node_modules/css-loader/dist/runtime/api.js] 2.46 KiB {mini-css-extract-plugin} [built]
Child mini-css-extract-plugin node_modules/css-loader/dist/cjs.js!node_modules/antd/lib/spin/style/index.css:
    Entrypoint mini-css-extract-plugin = *
    [./node_modules/css-loader/dist/cjs.js!./node_modules/antd/lib/spin/style/index.css] 5.78 KiB {mini-css-extract-plugin} [built]
    [./node_modules/css-loader/dist/runtime/api.js] 2.46 KiB {mini-css-extract-plugin} [built]
Child mini-css-extract-plugin node_modules/css-loader/dist/cjs.js!node_modules/antd/lib/style/index.css:
    Entrypoint mini-css-extract-plugin = *
    [./node_modules/css-loader/dist/cjs.js!./node_modules/antd/lib/style/index.css] 52.5 KiB {mini-css-extract-plugin} [built]
    [./node_modules/css-loader/dist/runtime/api.js] 2.46 KiB {mini-css-extract-plugin} [built]
Child mini-css-extract-plugin node_modules/css-loader/dist/cjs.js!node_modules/antd/lib/tooltip/style/index.css:
    Entrypoint mini-css-extract-plugin = *
    [./node_modules/css-loader/dist/cjs.js!./node_modules/antd/lib/tooltip/style/index.css] 7.99 KiB {mini-css-extract-plugin} [built]
    [./node_modules/css-loader/dist/runtime/api.js] 2.46 KiB {mini-css-extract-plugin} [built]
Child mini-css-extract-plugin node_modules/css-loader/dist/cjs.js!node_modules/antd/lib/tree/style/index.css:
    Entrypoint mini-css-extract-plugin = *
    [./node_modules/css-loader/dist/cjs.js!./node_modules/antd/lib/tree/style/index.css] 13.9 KiB {mini-css-extract-plugin} [built]
    [./node_modules/css-loader/dist/runtime/api.js] 2.46 KiB {mini-css-extract-plugin} [built]
Child mini-css-extract-plugin node_modules/css-loader/dist/cjs.js!node_modules/vtk.js/Examples/Geometry/SpheresAndLabels/style.module.css:
    Entrypoint mini-css-extract-plugin = *
    [./node_modules/css-loader/dist/cjs.js!./node_modules/vtk.js/Examples/Geometry/SpheresAndLabels/style.module.css] 318 bytes {mini-css-extract-plugin} [built]
    [./node_modules/css-loader/dist/runtime/api.js] 2.46 KiB {mini-css-extract-plugin} [built]
Child mini-css-extract-plugin node_modules/css-loader/dist/cjs.js!src/index.css:
    Entrypoint mini-css-extract-plugin = *
    [./node_modules/css-loader/dist/cjs.js!./src/index.css] 2.06 KiB {mini-css-extract-plugin} [built]
    [./node_modules/css-loader/dist/runtime/api.js] 2.46 KiB {mini-css-extract-plugin} [built]
[34mℹ[39m [90m｢wdm｣[39m: Compiled successfully.
Killed
npm ERR! code ELIFECYCLE
npm ERR! errno 137
npm ERR! webpack-react@1.0.0 dev: `webpack-dev-server --content-base ./build`
npm ERR! Exit status 137
npm ERR! 
npm ERR! Failed at the webpack-react@1.0.0 dev script.
npm ERR! This is probably not a problem with npm. There is likely additional logging output above.

npm ERR! A complete log of this run can be found in:
npm ERR!     /home/luyangfei/.npm/_logs/2020-07-15T06_12_01_884Z-debug.log

> webpack-react@1.0.0 dev /home/luyangfei/deploy/VTKClient
> webpack-dev-server --content-base ./build

[34mℹ[39m [90m｢wds｣[39m: Project is running at http://192.168.2.134:3700/
[34mℹ[39m [90m｢wds｣[39m: webpack output is served from /
[34mℹ[39m [90m｢wds｣[39m: Content not from webpack is served from /home/luyangfei/deploy/VTKClient/build
[34mℹ[39m [90m｢wds｣[39m: 404s will fallback to /index.html
[34mℹ[39m [90m｢wdm｣[39m: wait until bundle finished: /
[34mℹ[39m [90m｢wdm｣[39m: Hash: 270afa0438cef62426be
Version: webpack 4.43.0
Time: 12920ms
Built at: 07/15/2020 2:12:30 PM
           Asset       Size  Chunks             Chunk Names
       bundle.js   21.3 MiB    main  [emitted]  main
      index.html  386 bytes          [emitted]  
styles.bundle.js    8.7 KiB  styles  [emitted]  styles
      styles.css    832 KiB  styles  [emitted]  styles
Entrypoint main = styles.css styles.bundle.js bundle.js
[0] multi (webpack)-dev-server/client?http://192.168.2.134:3700 (webpack)/hot/dev-server.js webpack/hot/only-dev-server.js ./src/index.js 64 bytes {main} [built]
[./node_modules/react-dom/index.js] 1.33 KiB {main} [built]
[./node_modules/react/index.js] 190 bytes {main} [built]
[./node_modules/strip-ansi/index.js] 161 bytes {main} [built]
[./node_modules/webpack-dev-server/client/index.js?http://192.168.2.134:3700] (webpack)-dev-server/client?http://192.168.2.134:3700 4.29 KiB {main} [built]
[./node_modules/webpack-dev-server/client/overlay.js] (webpack)-dev-server/client/overlay.js 3.51 KiB {main} [built]
[./node_modules/webpack-dev-server/client/socket.js] (webpack)-dev-server/client/socket.js 1.53 KiB {main} [built]
[./node_modules/webpack-dev-server/client/utils/createSocketUrl.js] (webpack)-dev-server/client/utils/createSocketUrl.js 2.91 KiB {main} [built]
[./node_modules/webpack-dev-server/client/utils/log.js] (webpack)-dev-server/client/utils/log.js 964 bytes {main} [built]
[./node_modules/webpack-dev-server/client/utils/reloadApp.js] (webpack)-dev-server/client/utils/reloadApp.js 1.59 KiB {main} [built]
[./node_modules/webpack-dev-server/client/utils/sendMessage.js] (webpack)-dev-server/client/utils/sendMessage.js 402 bytes {main} [built]
[./node_modules/webpack/hot sync ^\.\/log$] (webpack)/hot sync nonrecursive ^\.\/log$ 170 bytes {main} [built]
[./node_modules/webpack/hot/dev-server.js] (webpack)/hot/dev-server.js 1.59 KiB {main} [built]
[./node_modules/webpack/hot/only-dev-server.js] (webpack)/hot/only-dev-server.js 2.52 KiB {main} [built]
[./src/index.js] 807 bytes {main} [built]
    + 2518 hidden modules
Child HtmlWebpackCompiler:
     1 asset
    Entrypoint HtmlWebpackPlugin_0 = __child-HtmlWebpackPlugin_0
    [./node_modules/html-webpack-plugin/lib/loader.js!./src/template.html] 528 bytes {HtmlWebpackPlugin_0} [built]
Child mini-css-extract-plugin node_modules/css-loader/dist/cjs.js!node_modules/antd/lib/button/style/index.css:
    Entrypoint mini-css-extract-plugin = *
    [./node_modules/css-loader/dist/cjs.js!./node_modules/antd/lib/button/style/index.css] 51 KiB {mini-css-extract-plugin} [built]
    [./node_modules/css-loader/dist/runtime/api.js] 2.46 KiB {mini-css-extract-plugin} [built]
Child mini-css-extract-plugin node_modules/css-loader/dist/cjs.js!node_modules/antd/lib/checkbox/style/index.css:
    Entrypoint mini-css-extract-plugin = *
    [./node_modules/css-loader/dist/cjs.js!./node_modules/antd/lib/checkbox/style/index.css] 6.57 KiB {mini-css-extract-plugin} [built]
    [./node_modules/css-loader/dist/runtime/api.js] 2.46 KiB {mini-css-extract-plugin} [built]
Child mini-css-extract-plugin node_modules/css-loader/dist/cjs.js!node_modules/antd/lib/empty/style/index.css:
    Entrypoint mini-css-extract-plugin = *
    [./node_modules/css-loader/dist/cjs.js!./node_modules/antd/lib/empty/style/index.css] 1.67 KiB {mini-css-extract-plugin} [built]
    [./node_modules/css-loader/dist/runtime/api.js] 2.46 KiB {mini-css-extract-plugin} [built]
Child mini-css-extract-plugin node_modules/css-loader/dist/cjs.js!node_modules/antd/lib/grid/style/index.css:
    Entrypoint mini-css-extract-plugin = *
    [./node_modules/css-loader/dist/cjs.js!./node_modules/antd/lib/grid/style/index.css] 120 KiB {mini-css-extract-plugin} [built]
    [./node_modules/css-loader/dist/runtime/api.js] 2.46 KiB {mini-css-extract-plugin} [built]
Child mini-css-extract-plugin node_modules/css-loader/dist/cjs.js!node_modules/antd/lib/input-number/style/index.css:
    Entrypoint mini-css-extract-plugin = *
    [./node_modules/css-loader/dist/cjs.js!./node_modules/antd/lib/input-number/style/index.css] 8.65 KiB {mini-css-extract-plugin} [built]
    [./node_modules/css-loader/dist/runtime/api.js] 2.46 KiB {mini-css-extract-plugin} [built]
Child mini-css-extract-plugin node_modules/css-loader/dist/cjs.js!node_modules/antd/lib/input/style/index.css:
    Entrypoint mini-css-extract-plugin = *
    [./node_modules/css-loader/dist/cjs.js!./node_modules/antd/lib/input/style/index.css] 24.1 KiB {mini-css-extract-plugin} [built]
    [./node_modules/css-loader/dist/runtime/api.js] 2.46 KiB {mini-css-extract-plugin} [built]
Child mini-css-extract-plugin node_modules/css-loader/dist/cjs.js!node_modules/antd/lib/layout/style/index.css:
    Entrypoint mini-css-extract-plugin = *
    [./node_modules/css-loader/dist/cjs.js!./node_modules/antd/lib/layout/style/index.css] 3.47 KiB {mini-css-extract-plugin} [built]
    [./node_modules/css-loader/dist/runtime/api.js] 2.46 KiB {mini-css-extract-plugin} [built]
Child mini-css-extract-plugin node_modules/css-loader/dist/cjs.js!node_modules/antd/lib/message/style/index.css:
    Entrypoint mini-css-extract-plugin = *
    [./node_modules/css-loader/dist/cjs.js!./node_modules/antd/lib/message/style/index.css] 2.49 KiB {mini-css-extract-plugin} [built]
    [./node_modules/css-loader/dist/runtime/api.js] 2.46 KiB {mini-css-extract-plugin} [built]
Child mini-css-extract-plugin node_modules/css-loader/dist/cjs.js!node_modules/antd/lib/select/style/index.css:
    Entrypoint mini-css-extract-plugin = *
    [./node_modules/css-loader/dist/cjs.js!./node_modules/antd/lib/select/style/index.css] 21.5 KiB {mini-css-extract-plugin} [built]
    [./node_modules/css-loader/dist/runtime/api.js] 2.46 KiB {mini-css-extract-plugin} [built]
Child mini-css-extract-plugin node_modules/css-loader/dist/cjs.js!node_modules/antd/lib/slider/style/index.css:
    Entrypoint mini-css-extract-plugin = *
    [./node_modules/css-loader/dist/cjs.js!./node_modules/antd/lib/slider/style/index.css] 5.8 KiB {mini-css-extract-plugin} [built]
    [./node_modules/css-loader/dist/runtime/api.js] 2.46 KiB {mini-css-extract-plugin} [built]
Child mini-css-extract-plugin node_modules/css-loader/dist/cjs.js!node_modules/antd/lib/spin/style/index.css:
    Entrypoint mini-css-extract-plugin = *
    [./node_modules/css-loader/dist/cjs.js!./node_modules/antd/lib/spin/style/index.css] 5.78 KiB {mini-css-extract-plugin} [built]
    [./node_modules/css-loader/dist/runtime/api.js] 2.46 KiB {mini-css-extract-plugin} [built]
Child mini-css-extract-plugin node_modules/css-loader/dist/cjs.js!node_modules/antd/lib/style/index.css:
    Entrypoint mini-css-extract-plugin = *
    [./node_modules/css-loader/dist/cjs.js!./node_modules/antd/lib/style/index.css] 52.5 KiB {mini-css-extract-plugin} [built]
    [./node_modules/css-loader/dist/runtime/api.js] 2.46 KiB {mini-css-extract-plugin} [built]
Child mini-css-extract-plugin node_modules/css-loader/dist/cjs.js!node_modules/antd/lib/tooltip/style/index.css:
    Entrypoint mini-css-extract-plugin = *
    [./node_modules/css-loader/dist/cjs.js!./node_modules/antd/lib/tooltip/style/index.css] 7.99 KiB {mini-css-extract-plugin} [built]
    [./node_modules/css-loader/dist/runtime/api.js] 2.46 KiB {mini-css-extract-plugin} [built]
Child mini-css-extract-plugin node_modules/css-loader/dist/cjs.js!node_modules/antd/lib/tree/style/index.css:
    Entrypoint mini-css-extract-plugin = *
    [./node_modules/css-loader/dist/cjs.js!./node_modules/antd/lib/tree/style/index.css] 13.9 KiB {mini-css-extract-plugin} [built]
    [./node_modules/css-loader/dist/runtime/api.js] 2.46 KiB {mini-css-extract-plugin} [built]
Child mini-css-extract-plugin node_modules/css-loader/dist/cjs.js!node_modules/vtk.js/Examples/Geometry/SpheresAndLabels/style.module.css:
    Entrypoint mini-css-extract-plugin = *
    [./node_modules/css-loader/dist/cjs.js!./node_modules/vtk.js/Examples/Geometry/SpheresAndLabels/style.module.css] 318 bytes {mini-css-extract-plugin} [built]
    [./node_modules/css-loader/dist/runtime/api.js] 2.46 KiB {mini-css-extract-plugin} [built]
Child mini-css-extract-plugin node_modules/css-loader/dist/cjs.js!src/index.css:
    Entrypoint mini-css-extract-plugin = *
    [./node_modules/css-loader/dist/cjs.js!./src/index.css] 2.06 KiB {mini-css-extract-plugin} [built]
    [./node_modules/css-loader/dist/runtime/api.js] 2.46 KiB {mini-css-extract-plugin} [built]
[34mℹ[39m [90m｢wdm｣[39m: Compiled successfully.
Killed
npm ERR! code ELIFECYCLE
npm ERR! errno 137
npm ERR! webpack-react@1.0.0 dev: `webpack-dev-server --content-base ./build`
npm ERR! Exit status 137
npm ERR! 
npm ERR! Failed at the webpack-react@1.0.0 dev script.
npm ERR! This is probably not a problem with npm. There is likely additional logging output above.

npm ERR! A complete log of this run can be found in:
npm ERR!     /home/luyangfei/.npm/_logs/2020-07-15T06_15_28_880Z-debug.log

> webpack-react@1.0.0 dev /home/luyangfei/deploy/VTKClient
> webpack-dev-server --content-base ./build

[31m✖[39m [90m｢wds｣[39m:  Error: listen EACCES: permission denied 192.168.2.134:80
    at Server.setupListenHandle [as _listen2] (net.js:1296:21)
    at listenInCluster (net.js:1361:12)
    at doListen (net.js:1498:7)
    at processTicksAndRejections (internal/process/task_queues.js:85:21) {
  code: 'EACCES',
  errno: -13,
  syscall: 'listen',
  address: '192.168.2.134',
  port: 80
}
[34mℹ[39m [90m｢wdm｣[39m: Hash: ee89194826ce406dd910
Version: webpack 4.43.0
Time: 12370ms
Built at: 07/15/2020 2:15:55 PM
           Asset       Size  Chunks             Chunk Names
       bundle.js   21.3 MiB    main  [emitted]  main
      index.html  386 bytes          [emitted]  
styles.bundle.js    8.7 KiB  styles  [emitted]  styles
      styles.css    832 KiB  styles  [emitted]  styles
Entrypoint main = styles.css styles.bundle.js bundle.js
[0] multi (webpack)-dev-server/client?http://192.168.2.134:80 (webpack)/hot/dev-server.js webpack/hot/only-dev-server.js ./src/index.js 64 bytes {main} [built]
[./node_modules/react-dom/index.js] 1.33 KiB {main} [built]
[./node_modules/react/index.js] 190 bytes {main} [built]
[./node_modules/strip-ansi/index.js] 161 bytes {main} [built]
[./node_modules/webpack-dev-server/client/index.js?http://192.168.2.134:80] (webpack)-dev-server/client?http://192.168.2.134:80 4.29 KiB {main} [built]
[./node_modules/webpack-dev-server/client/overlay.js] (webpack)-dev-server/client/overlay.js 3.51 KiB {main} [built]
[./node_modules/webpack-dev-server/client/socket.js] (webpack)-dev-server/client/socket.js 1.53 KiB {main} [built]
[./node_modules/webpack-dev-server/client/utils/createSocketUrl.js] (webpack)-dev-server/client/utils/createSocketUrl.js 2.91 KiB {main} [built]
[./node_modules/webpack-dev-server/client/utils/log.js] (webpack)-dev-server/client/utils/log.js 964 bytes {main} [built]
[./node_modules/webpack-dev-server/client/utils/reloadApp.js] (webpack)-dev-server/client/utils/reloadApp.js 1.59 KiB {main} [built]
[./node_modules/webpack-dev-server/client/utils/sendMessage.js] (webpack)-dev-server/client/utils/sendMessage.js 402 bytes {main} [built]
[./node_modules/webpack/hot sync ^\.\/log$] (webpack)/hot sync nonrecursive ^\.\/log$ 170 bytes {main} [built]
[./node_modules/webpack/hot/dev-server.js] (webpack)/hot/dev-server.js 1.59 KiB {main} [built]
[./node_modules/webpack/hot/only-dev-server.js] (webpack)/hot/only-dev-server.js 2.52 KiB {main} [built]
[./src/index.js] 807 bytes {main} [built]
    + 2518 hidden modules
Child HtmlWebpackCompiler:
     1 asset
    Entrypoint HtmlWebpackPlugin_0 = __child-HtmlWebpackPlugin_0
    [./node_modules/html-webpack-plugin/lib/loader.js!./src/template.html] 528 bytes {HtmlWebpackPlugin_0} [built]
Child mini-css-extract-plugin node_modules/css-loader/dist/cjs.js!node_modules/antd/lib/button/style/index.css:
    Entrypoint mini-css-extract-plugin = *
    [./node_modules/css-loader/dist/cjs.js!./node_modules/antd/lib/button/style/index.css] 51 KiB {mini-css-extract-plugin} [built]
    [./node_modules/css-loader/dist/runtime/api.js] 2.46 KiB {mini-css-extract-plugin} [built]
Child mini-css-extract-plugin node_modules/css-loader/dist/cjs.js!node_modules/antd/lib/checkbox/style/index.css:
    Entrypoint mini-css-extract-plugin = *
    [./node_modules/css-loader/dist/cjs.js!./node_modules/antd/lib/checkbox/style/index.css] 6.57 KiB {mini-css-extract-plugin} [built]
    [./node_modules/css-loader/dist/runtime/api.js] 2.46 KiB {mini-css-extract-plugin} [built]
Child mini-css-extract-plugin node_modules/css-loader/dist/cjs.js!node_modules/antd/lib/empty/style/index.css:
    Entrypoint mini-css-extract-plugin = *
    [./node_modules/css-loader/dist/cjs.js!./node_modules/antd/lib/empty/style/index.css] 1.67 KiB {mini-css-extract-plugin} [built]
    [./node_modules/css-loader/dist/runtime/api.js] 2.46 KiB {mini-css-extract-plugin} [built]
Child mini-css-extract-plugin node_modules/css-loader/dist/cjs.js!node_modules/antd/lib/grid/style/index.css:
    Entrypoint mini-css-extract-plugin = *
    [./node_modules/css-loader/dist/cjs.js!./node_modules/antd/lib/grid/style/index.css] 120 KiB {mini-css-extract-plugin} [built]
    [./node_modules/css-loader/dist/runtime/api.js] 2.46 KiB {mini-css-extract-plugin} [built]
Child mini-css-extract-plugin node_modules/css-loader/dist/cjs.js!node_modules/antd/lib/input-number/style/index.css:
    Entrypoint mini-css-extract-plugin = *
    [./node_modules/css-loader/dist/cjs.js!./node_modules/antd/lib/input-number/style/index.css] 8.65 KiB {mini-css-extract-plugin} [built]
    [./node_modules/css-loader/dist/runtime/api.js] 2.46 KiB {mini-css-extract-plugin} [built]
Child mini-css-extract-plugin node_modules/css-loader/dist/cjs.js!node_modules/antd/lib/input/style/index.css:
    Entrypoint mini-css-extract-plugin = *
    [./node_modules/css-loader/dist/cjs.js!./node_modules/antd/lib/input/style/index.css] 24.1 KiB {mini-css-extract-plugin} [built]
    [./node_modules/css-loader/dist/runtime/api.js] 2.46 KiB {mini-css-extract-plugin} [built]
Child mini-css-extract-plugin node_modules/css-loader/dist/cjs.js!node_modules/antd/lib/layout/style/index.css:
    Entrypoint mini-css-extract-plugin = *
    [./node_modules/css-loader/dist/cjs.js!./node_modules/antd/lib/layout/style/index.css] 3.47 KiB {mini-css-extract-plugin} [built]
    [./node_modules/css-loader/dist/runtime/api.js] 2.46 KiB {mini-css-extract-plugin} [built]
Child mini-css-extract-plugin node_modules/css-loader/dist/cjs.js!node_modules/antd/lib/message/style/index.css:
    Entrypoint mini-css-extract-plugin = *
    [./node_modules/css-loader/dist/cjs.js!./node_modules/antd/lib/message/style/index.css] 2.49 KiB {mini-css-extract-plugin} [built]
    [./node_modules/css-loader/dist/runtime/api.js] 2.46 KiB {mini-css-extract-plugin} [built]
Child mini-css-extract-plugin node_modules/css-loader/dist/cjs.js!node_modules/antd/lib/select/style/index.css:
    Entrypoint mini-css-extract-plugin = *
    [./node_modules/css-loader/dist/cjs.js!./node_modules/antd/lib/select/style/index.css] 21.5 KiB {mini-css-extract-plugin} [built]
    [./node_modules/css-loader/dist/runtime/api.js] 2.46 KiB {mini-css-extract-plugin} [built]
Child mini-css-extract-plugin node_modules/css-loader/dist/cjs.js!node_modules/antd/lib/slider/style/index.css:
    Entrypoint mini-css-extract-plugin = *
    [./node_modules/css-loader/dist/cjs.js!./node_modules/antd/lib/slider/style/index.css] 5.8 KiB {mini-css-extract-plugin} [built]
    [./node_modules/css-loader/dist/runtime/api.js] 2.46 KiB {mini-css-extract-plugin} [built]
Child mini-css-extract-plugin node_modules/css-loader/dist/cjs.js!node_modules/antd/lib/spin/style/index.css:
    Entrypoint mini-css-extract-plugin = *
    [./node_modules/css-loader/dist/cjs.js!./node_modules/antd/lib/spin/style/index.css] 5.78 KiB {mini-css-extract-plugin} [built]
    [./node_modules/css-loader/dist/runtime/api.js] 2.46 KiB {mini-css-extract-plugin} [built]
Child mini-css-extract-plugin node_modules/css-loader/dist/cjs.js!node_modules/antd/lib/style/index.css:
    Entrypoint mini-css-extract-plugin = *
    [./node_modules/css-loader/dist/cjs.js!./node_modules/antd/lib/style/index.css] 52.5 KiB {mini-css-extract-plugin} [built]
    [./node_modules/css-loader/dist/runtime/api.js] 2.46 KiB {mini-css-extract-plugin} [built]
Child mini-css-extract-plugin node_modules/css-loader/dist/cjs.js!node_modules/antd/lib/tooltip/style/index.css:
    Entrypoint mini-css-extract-plugin = *
    [./node_modules/css-loader/dist/cjs.js!./node_modules/antd/lib/tooltip/style/index.css] 7.99 KiB {mini-css-extract-plugin} [built]
    [./node_modules/css-loader/dist/runtime/api.js] 2.46 KiB {mini-css-extract-plugin} [built]
Child mini-css-extract-plugin node_modules/css-loader/dist/cjs.js!node_modules/antd/lib/tree/style/index.css:
    Entrypoint mini-css-extract-plugin = *
    [./node_modules/css-loader/dist/cjs.js!./node_modules/antd/lib/tree/style/index.css] 13.9 KiB {mini-css-extract-plugin} [built]
    [./node_modules/css-loader/dist/runtime/api.js] 2.46 KiB {mini-css-extract-plugin} [built]
Child mini-css-extract-plugin node_modules/css-loader/dist/cjs.js!node_modules/vtk.js/Examples/Geometry/SpheresAndLabels/style.module.css:
    Entrypoint mini-css-extract-plugin = *
    [./node_modules/css-loader/dist/cjs.js!./node_modules/vtk.js/Examples/Geometry/SpheresAndLabels/style.module.css] 318 bytes {mini-css-extract-plugin} [built]
    [./node_modules/css-loader/dist/runtime/api.js] 2.46 KiB {mini-css-extract-plugin} [built]
Child mini-css-extract-plugin node_modules/css-loader/dist/cjs.js!src/index.css:
    Entrypoint mini-css-extract-plugin = *
    [./node_modules/css-loader/dist/cjs.js!./src/index.css] 2.06 KiB {mini-css-extract-plugin} [built]
    [./node_modules/css-loader/dist/runtime/api.js] 2.46 KiB {mini-css-extract-plugin} [built]
[34mℹ[39m [90m｢wdm｣[39m: Compiled successfully.
Killed
npm ERR! code ELIFECYCLE
npm ERR! errno 137
npm ERR! webpack-react@1.0.0 dev: `webpack-dev-server --content-base ./build`
npm ERR! Exit status 137
npm ERR! 
npm ERR! Failed at the webpack-react@1.0.0 dev script.
npm ERR! This is probably not a problem with npm. There is likely additional logging output above.

npm ERR! A complete log of this run can be found in:
npm ERR!     /home/luyangfei/.npm/_logs/2020-07-15T06_18_20_953Z-debug.log

> webpack-react@1.0.0 dev /home/luyangfei/deploy/VTKClient
> webpack-dev-server --content-base ./build

[31m✖[39m [90m｢wds｣[39m:  Error: listen EACCES: permission denied 192.168.2.134:80
    at Server.setupListenHandle [as _listen2] (net.js:1296:21)
    at listenInCluster (net.js:1361:12)
    at doListen (net.js:1498:7)
    at processTicksAndRejections (internal/process/task_queues.js:85:21) {
  code: 'EACCES',
  errno: -13,
  syscall: 'listen',
  address: '192.168.2.134',
  port: 80
}
[34mℹ[39m [90m｢wdm｣[39m: Hash: ee89194826ce406dd910
Version: webpack 4.43.0
Time: 12785ms
Built at: 07/15/2020 2:18:45 PM
           Asset       Size  Chunks             Chunk Names
       bundle.js   21.3 MiB    main  [emitted]  main
      index.html  386 bytes          [emitted]  
styles.bundle.js    8.7 KiB  styles  [emitted]  styles
      styles.css    832 KiB  styles  [emitted]  styles
Entrypoint main = styles.css styles.bundle.js bundle.js
[0] multi (webpack)-dev-server/client?http://192.168.2.134:80 (webpack)/hot/dev-server.js webpack/hot/only-dev-server.js ./src/index.js 64 bytes {main} [built]
[./node_modules/react-dom/index.js] 1.33 KiB {main} [built]
[./node_modules/react/index.js] 190 bytes {main} [built]
[./node_modules/strip-ansi/index.js] 161 bytes {main} [built]
[./node_modules/webpack-dev-server/client/index.js?http://192.168.2.134:80] (webpack)-dev-server/client?http://192.168.2.134:80 4.29 KiB {main} [built]
[./node_modules/webpack-dev-server/client/overlay.js] (webpack)-dev-server/client/overlay.js 3.51 KiB {main} [built]
[./node_modules/webpack-dev-server/client/socket.js] (webpack)-dev-server/client/socket.js 1.53 KiB {main} [built]
[./node_modules/webpack-dev-server/client/utils/createSocketUrl.js] (webpack)-dev-server/client/utils/createSocketUrl.js 2.91 KiB {main} [built]
[./node_modules/webpack-dev-server/client/utils/log.js] (webpack)-dev-server/client/utils/log.js 964 bytes {main} [built]
[./node_modules/webpack-dev-server/client/utils/reloadApp.js] (webpack)-dev-server/client/utils/reloadApp.js 1.59 KiB {main} [built]
[./node_modules/webpack-dev-server/client/utils/sendMessage.js] (webpack)-dev-server/client/utils/sendMessage.js 402 bytes {main} [built]
[./node_modules/webpack/hot sync ^\.\/log$] (webpack)/hot sync nonrecursive ^\.\/log$ 170 bytes {main} [built]
[./node_modules/webpack/hot/dev-server.js] (webpack)/hot/dev-server.js 1.59 KiB {main} [built]
[./node_modules/webpack/hot/only-dev-server.js] (webpack)/hot/only-dev-server.js 2.52 KiB {main} [built]
[./src/index.js] 807 bytes {main} [built]
    + 2518 hidden modules
Child HtmlWebpackCompiler:
     1 asset
    Entrypoint HtmlWebpackPlugin_0 = __child-HtmlWebpackPlugin_0
    [./node_modules/html-webpack-plugin/lib/loader.js!./src/template.html] 528 bytes {HtmlWebpackPlugin_0} [built]
Child mini-css-extract-plugin node_modules/css-loader/dist/cjs.js!node_modules/antd/lib/button/style/index.css:
    Entrypoint mini-css-extract-plugin = *
    [./node_modules/css-loader/dist/cjs.js!./node_modules/antd/lib/button/style/index.css] 51 KiB {mini-css-extract-plugin} [built]
    [./node_modules/css-loader/dist/runtime/api.js] 2.46 KiB {mini-css-extract-plugin} [built]
Child mini-css-extract-plugin node_modules/css-loader/dist/cjs.js!node_modules/antd/lib/checkbox/style/index.css:
    Entrypoint mini-css-extract-plugin = *
    [./node_modules/css-loader/dist/cjs.js!./node_modules/antd/lib/checkbox/style/index.css] 6.57 KiB {mini-css-extract-plugin} [built]
    [./node_modules/css-loader/dist/runtime/api.js] 2.46 KiB {mini-css-extract-plugin} [built]
Child mini-css-extract-plugin node_modules/css-loader/dist/cjs.js!node_modules/antd/lib/empty/style/index.css:
    Entrypoint mini-css-extract-plugin = *
    [./node_modules/css-loader/dist/cjs.js!./node_modules/antd/lib/empty/style/index.css] 1.67 KiB {mini-css-extract-plugin} [built]
    [./node_modules/css-loader/dist/runtime/api.js] 2.46 KiB {mini-css-extract-plugin} [built]
Child mini-css-extract-plugin node_modules/css-loader/dist/cjs.js!node_modules/antd/lib/grid/style/index.css:
    Entrypoint mini-css-extract-plugin = *
    [./node_modules/css-loader/dist/cjs.js!./node_modules/antd/lib/grid/style/index.css] 120 KiB {mini-css-extract-plugin} [built]
    [./node_modules/css-loader/dist/runtime/api.js] 2.46 KiB {mini-css-extract-plugin} [built]
Child mini-css-extract-plugin node_modules/css-loader/dist/cjs.js!node_modules/antd/lib/input-number/style/index.css:
    Entrypoint mini-css-extract-plugin = *
    [./node_modules/css-loader/dist/cjs.js!./node_modules/antd/lib/input-number/style/index.css] 8.65 KiB {mini-css-extract-plugin} [built]
    [./node_modules/css-loader/dist/runtime/api.js] 2.46 KiB {mini-css-extract-plugin} [built]
Child mini-css-extract-plugin node_modules/css-loader/dist/cjs.js!node_modules/antd/lib/input/style/index.css:
    Entrypoint mini-css-extract-plugin = *
    [./node_modules/css-loader/dist/cjs.js!./node_modules/antd/lib/input/style/index.css] 24.1 KiB {mini-css-extract-plugin} [built]
    [./node_modules/css-loader/dist/runtime/api.js] 2.46 KiB {mini-css-extract-plugin} [built]
Child mini-css-extract-plugin node_modules/css-loader/dist/cjs.js!node_modules/antd/lib/layout/style/index.css:
    Entrypoint mini-css-extract-plugin = *
    [./node_modules/css-loader/dist/cjs.js!./node_modules/antd/lib/layout/style/index.css] 3.47 KiB {mini-css-extract-plugin} [built]
    [./node_modules/css-loader/dist/runtime/api.js] 2.46 KiB {mini-css-extract-plugin} [built]
Child mini-css-extract-plugin node_modules/css-loader/dist/cjs.js!node_modules/antd/lib/message/style/index.css:
    Entrypoint mini-css-extract-plugin = *
    [./node_modules/css-loader/dist/cjs.js!./node_modules/antd/lib/message/style/index.css] 2.49 KiB {mini-css-extract-plugin} [built]
    [./node_modules/css-loader/dist/runtime/api.js] 2.46 KiB {mini-css-extract-plugin} [built]
Child mini-css-extract-plugin node_modules/css-loader/dist/cjs.js!node_modules/antd/lib/select/style/index.css:
    Entrypoint mini-css-extract-plugin = *
    [./node_modules/css-loader/dist/cjs.js!./node_modules/antd/lib/select/style/index.css] 21.5 KiB {mini-css-extract-plugin} [built]
    [./node_modules/css-loader/dist/runtime/api.js] 2.46 KiB {mini-css-extract-plugin} [built]
Child mini-css-extract-plugin node_modules/css-loader/dist/cjs.js!node_modules/antd/lib/slider/style/index.css:
    Entrypoint mini-css-extract-plugin = *
    [./node_modules/css-loader/dist/cjs.js!./node_modules/antd/lib/slider/style/index.css] 5.8 KiB {mini-css-extract-plugin} [built]
    [./node_modules/css-loader/dist/runtime/api.js] 2.46 KiB {mini-css-extract-plugin} [built]
Child mini-css-extract-plugin node_modules/css-loader/dist/cjs.js!node_modules/antd/lib/spin/style/index.css:
    Entrypoint mini-css-extract-plugin = *
    [./node_modules/css-loader/dist/cjs.js!./node_modules/antd/lib/spin/style/index.css] 5.78 KiB {mini-css-extract-plugin} [built]
    [./node_modules/css-loader/dist/runtime/api.js] 2.46 KiB {mini-css-extract-plugin} [built]
Child mini-css-extract-plugin node_modules/css-loader/dist/cjs.js!node_modules/antd/lib/style/index.css:
    Entrypoint mini-css-extract-plugin = *
    [./node_modules/css-loader/dist/cjs.js!./node_modules/antd/lib/style/index.css] 52.5 KiB {mini-css-extract-plugin} [built]
    [./node_modules/css-loader/dist/runtime/api.js] 2.46 KiB {mini-css-extract-plugin} [built]
Child mini-css-extract-plugin node_modules/css-loader/dist/cjs.js!node_modules/antd/lib/tooltip/style/index.css:
    Entrypoint mini-css-extract-plugin = *
    [./node_modules/css-loader/dist/cjs.js!./node_modules/antd/lib/tooltip/style/index.css] 7.99 KiB {mini-css-extract-plugin} [built]
    [./node_modules/css-loader/dist/runtime/api.js] 2.46 KiB {mini-css-extract-plugin} [built]
Child mini-css-extract-plugin node_modules/css-loader/dist/cjs.js!node_modules/antd/lib/tree/style/index.css:
    Entrypoint mini-css-extract-plugin = *
    [./node_modules/css-loader/dist/cjs.js!./node_modules/antd/lib/tree/style/index.css] 13.9 KiB {mini-css-extract-plugin} [built]
    [./node_modules/css-loader/dist/runtime/api.js] 2.46 KiB {mini-css-extract-plugin} [built]
Child mini-css-extract-plugin node_modules/css-loader/dist/cjs.js!node_modules/vtk.js/Examples/Geometry/SpheresAndLabels/style.module.css:
    Entrypoint mini-css-extract-plugin = *
    [./node_modules/css-loader/dist/cjs.js!./node_modules/vtk.js/Examples/Geometry/SpheresAndLabels/style.module.css] 318 bytes {mini-css-extract-plugin} [built]
    [./node_modules/css-loader/dist/runtime/api.js] 2.46 KiB {mini-css-extract-plugin} [built]
Child mini-css-extract-plugin node_modules/css-loader/dist/cjs.js!src/index.css:
    Entrypoint mini-css-extract-plugin = *
    [./node_modules/css-loader/dist/cjs.js!./src/index.css] 2.06 KiB {mini-css-extract-plugin} [built]
    [./node_modules/css-loader/dist/runtime/api.js] 2.46 KiB {mini-css-extract-plugin} [built]
[34mℹ[39m [90m｢wdm｣[39m: Compiled successfully.
Killed
npm ERR! code ELIFECYCLE
npm ERR! errno 137
npm ERR! webpack-react@1.0.0 dev: `webpack-dev-server --content-base ./build`
npm ERR! Exit status 137
npm ERR! 
npm ERR! Failed at the webpack-react@1.0.0 dev script.
npm ERR! This is probably not a problem with npm. There is likely additional logging output above.

npm ERR! A complete log of this run can be found in:
npm ERR!     /home/luyangfei/.npm/_logs/2020-07-15T06_26_22_511Z-debug.log

> webpack-react@1.0.0 dev /home/luyangfei/deploy/VTKClient
> webpack-dev-server --content-base ./build

[34mℹ[39m [90m｢wds｣[39m: Project is running at http://192.168.2.134:3700/
[34mℹ[39m [90m｢wds｣[39m: webpack output is served from /
[34mℹ[39m [90m｢wds｣[39m: Content not from webpack is served from /home/luyangfei/deploy/VTKClient/build
[34mℹ[39m [90m｢wds｣[39m: 404s will fallback to /index.html
[34mℹ[39m [90m｢wdm｣[39m: Hash: 270afa0438cef62426be
Version: webpack 4.43.0
Time: 12335ms
Built at: 07/15/2020 4:58:48 PM
           Asset       Size  Chunks             Chunk Names
       bundle.js   21.3 MiB    main  [emitted]  main
      index.html  386 bytes          [emitted]  
styles.bundle.js    8.7 KiB  styles  [emitted]  styles
      styles.css    832 KiB  styles  [emitted]  styles
Entrypoint main = styles.css styles.bundle.js bundle.js
[0] multi (webpack)-dev-server/client?http://192.168.2.134:3700 (webpack)/hot/dev-server.js webpack/hot/only-dev-server.js ./src/index.js 64 bytes {main} [built]
[./node_modules/react-dom/index.js] 1.33 KiB {main} [built]
[./node_modules/react/index.js] 190 bytes {main} [built]
[./node_modules/strip-ansi/index.js] 161 bytes {main} [built]
[./node_modules/webpack-dev-server/client/index.js?http://192.168.2.134:3700] (webpack)-dev-server/client?http://192.168.2.134:3700 4.29 KiB {main} [built]
[./node_modules/webpack-dev-server/client/overlay.js] (webpack)-dev-server/client/overlay.js 3.51 KiB {main} [built]
[./node_modules/webpack-dev-server/client/socket.js] (webpack)-dev-server/client/socket.js 1.53 KiB {main} [built]
[./node_modules/webpack-dev-server/client/utils/createSocketUrl.js] (webpack)-dev-server/client/utils/createSocketUrl.js 2.91 KiB {main} [built]
[./node_modules/webpack-dev-server/client/utils/log.js] (webpack)-dev-server/client/utils/log.js 964 bytes {main} [built]
[./node_modules/webpack-dev-server/client/utils/reloadApp.js] (webpack)-dev-server/client/utils/reloadApp.js 1.59 KiB {main} [built]
[./node_modules/webpack-dev-server/client/utils/sendMessage.js] (webpack)-dev-server/client/utils/sendMessage.js 402 bytes {main} [built]
[./node_modules/webpack/hot sync ^\.\/log$] (webpack)/hot sync nonrecursive ^\.\/log$ 170 bytes {main} [built]
[./node_modules/webpack/hot/dev-server.js] (webpack)/hot/dev-server.js 1.59 KiB {main} [built]
[./node_modules/webpack/hot/only-dev-server.js] (webpack)/hot/only-dev-server.js 2.52 KiB {main} [built]
[./src/index.js] 807 bytes {main} [built]
    + 2518 hidden modules
Child HtmlWebpackCompiler:
     1 asset
    Entrypoint HtmlWebpackPlugin_0 = __child-HtmlWebpackPlugin_0
    [./node_modules/html-webpack-plugin/lib/loader.js!./src/template.html] 528 bytes {HtmlWebpackPlugin_0} [built]
Child mini-css-extract-plugin node_modules/css-loader/dist/cjs.js!node_modules/antd/lib/button/style/index.css:
    Entrypoint mini-css-extract-plugin = *
    [./node_modules/css-loader/dist/cjs.js!./node_modules/antd/lib/button/style/index.css] 51 KiB {mini-css-extract-plugin} [built]
    [./node_modules/css-loader/dist/runtime/api.js] 2.46 KiB {mini-css-extract-plugin} [built]
Child mini-css-extract-plugin node_modules/css-loader/dist/cjs.js!node_modules/antd/lib/checkbox/style/index.css:
    Entrypoint mini-css-extract-plugin = *
    [./node_modules/css-loader/dist/cjs.js!./node_modules/antd/lib/checkbox/style/index.css] 6.57 KiB {mini-css-extract-plugin} [built]
    [./node_modules/css-loader/dist/runtime/api.js] 2.46 KiB {mini-css-extract-plugin} [built]
Child mini-css-extract-plugin node_modules/css-loader/dist/cjs.js!node_modules/antd/lib/empty/style/index.css:
    Entrypoint mini-css-extract-plugin = *
    [./node_modules/css-loader/dist/cjs.js!./node_modules/antd/lib/empty/style/index.css] 1.67 KiB {mini-css-extract-plugin} [built]
    [./node_modules/css-loader/dist/runtime/api.js] 2.46 KiB {mini-css-extract-plugin} [built]
Child mini-css-extract-plugin node_modules/css-loader/dist/cjs.js!node_modules/antd/lib/grid/style/index.css:
    Entrypoint mini-css-extract-plugin = *
    [./node_modules/css-loader/dist/cjs.js!./node_modules/antd/lib/grid/style/index.css] 120 KiB {mini-css-extract-plugin} [built]
    [./node_modules/css-loader/dist/runtime/api.js] 2.46 KiB {mini-css-extract-plugin} [built]
Child mini-css-extract-plugin node_modules/css-loader/dist/cjs.js!node_modules/antd/lib/input-number/style/index.css:
    Entrypoint mini-css-extract-plugin = *
    [./node_modules/css-loader/dist/cjs.js!./node_modules/antd/lib/input-number/style/index.css] 8.65 KiB {mini-css-extract-plugin} [built]
    [./node_modules/css-loader/dist/runtime/api.js] 2.46 KiB {mini-css-extract-plugin} [built]
Child mini-css-extract-plugin node_modules/css-loader/dist/cjs.js!node_modules/antd/lib/input/style/index.css:
    Entrypoint mini-css-extract-plugin = *
    [./node_modules/css-loader/dist/cjs.js!./node_modules/antd/lib/input/style/index.css] 24.1 KiB {mini-css-extract-plugin} [built]
    [./node_modules/css-loader/dist/runtime/api.js] 2.46 KiB {mini-css-extract-plugin} [built]
Child mini-css-extract-plugin node_modules/css-loader/dist/cjs.js!node_modules/antd/lib/layout/style/index.css:
    Entrypoint mini-css-extract-plugin = *
    [./node_modules/css-loader/dist/cjs.js!./node_modules/antd/lib/layout/style/index.css] 3.47 KiB {mini-css-extract-plugin} [built]
    [./node_modules/css-loader/dist/runtime/api.js] 2.46 KiB {mini-css-extract-plugin} [built]
Child mini-css-extract-plugin node_modules/css-loader/dist/cjs.js!node_modules/antd/lib/message/style/index.css:
    Entrypoint mini-css-extract-plugin = *
    [./node_modules/css-loader/dist/cjs.js!./node_modules/antd/lib/message/style/index.css] 2.49 KiB {mini-css-extract-plugin} [built]
    [./node_modules/css-loader/dist/runtime/api.js] 2.46 KiB {mini-css-extract-plugin} [built]
Child mini-css-extract-plugin node_modules/css-loader/dist/cjs.js!node_modules/antd/lib/select/style/index.css:
    Entrypoint mini-css-extract-plugin = *
    [./node_modules/css-loader/dist/cjs.js!./node_modules/antd/lib/select/style/index.css] 21.5 KiB {mini-css-extract-plugin} [built]
    [./node_modules/css-loader/dist/runtime/api.js] 2.46 KiB {mini-css-extract-plugin} [built]
Child mini-css-extract-plugin node_modules/css-loader/dist/cjs.js!node_modules/antd/lib/slider/style/index.css:
    Entrypoint mini-css-extract-plugin = *
    [./node_modules/css-loader/dist/cjs.js!./node_modules/antd/lib/slider/style/index.css] 5.8 KiB {mini-css-extract-plugin} [built]
    [./node_modules/css-loader/dist/runtime/api.js] 2.46 KiB {mini-css-extract-plugin} [built]
Child mini-css-extract-plugin node_modules/css-loader/dist/cjs.js!node_modules/antd/lib/spin/style/index.css:
    Entrypoint mini-css-extract-plugin = *
    [./node_modules/css-loader/dist/cjs.js!./node_modules/antd/lib/spin/style/index.css] 5.78 KiB {mini-css-extract-plugin} [built]
    [./node_modules/css-loader/dist/runtime/api.js] 2.46 KiB {mini-css-extract-plugin} [built]
Child mini-css-extract-plugin node_modules/css-loader/dist/cjs.js!node_modules/antd/lib/style/index.css:
    Entrypoint mini-css-extract-plugin = *
    [./node_modules/css-loader/dist/cjs.js!./node_modules/antd/lib/style/index.css] 52.5 KiB {mini-css-extract-plugin} [built]
    [./node_modules/css-loader/dist/runtime/api.js] 2.46 KiB {mini-css-extract-plugin} [built]
Child mini-css-extract-plugin node_modules/css-loader/dist/cjs.js!node_modules/antd/lib/tooltip/style/index.css:
    Entrypoint mini-css-extract-plugin = *
    [./node_modules/css-loader/dist/cjs.js!./node_modules/antd/lib/tooltip/style/index.css] 7.99 KiB {mini-css-extract-plugin} [built]
    [./node_modules/css-loader/dist/runtime/api.js] 2.46 KiB {mini-css-extract-plugin} [built]
Child mini-css-extract-plugin node_modules/css-loader/dist/cjs.js!node_modules/antd/lib/tree/style/index.css:
    Entrypoint mini-css-extract-plugin = *
    [./node_modules/css-loader/dist/cjs.js!./node_modules/antd/lib/tree/style/index.css] 13.9 KiB {mini-css-extract-plugin} [built]
    [./node_modules/css-loader/dist/runtime/api.js] 2.46 KiB {mini-css-extract-plugin} [built]
Child mini-css-extract-plugin node_modules/css-loader/dist/cjs.js!node_modules/vtk.js/Examples/Geometry/SpheresAndLabels/style.module.css:
    Entrypoint mini-css-extract-plugin = *
    [./node_modules/css-loader/dist/cjs.js!./node_modules/vtk.js/Examples/Geometry/SpheresAndLabels/style.module.css] 318 bytes {mini-css-extract-plugin} [built]
    [./node_modules/css-loader/dist/runtime/api.js] 2.46 KiB {mini-css-extract-plugin} [built]
Child mini-css-extract-plugin node_modules/css-loader/dist/cjs.js!src/index.css:
    Entrypoint mini-css-extract-plugin = *
    [./node_modules/css-loader/dist/cjs.js!./src/index.css] 2.06 KiB {mini-css-extract-plugin} [built]
    [./node_modules/css-loader/dist/runtime/api.js] 2.46 KiB {mini-css-extract-plugin} [built]
[34mℹ[39m [90m｢wdm｣[39m: Compiled successfully.
Killed
npm ERR! code ELIFECYCLE
npm ERR! errno 137
npm ERR! webpack-react@1.0.0 dev: `webpack-dev-server --content-base ./build`
npm ERR! Exit status 137
npm ERR! 
npm ERR! Failed at the webpack-react@1.0.0 dev script.
npm ERR! This is probably not a problem with npm. There is likely additional logging output above.

npm ERR! A complete log of this run can be found in:
npm ERR!     /home/luyangfei/.npm/_logs/2020-07-15T09_01_08_103Z-debug.log

> webpack-react@1.0.0 dev /home/luyangfei/deploy/VTKClient
> webpack-dev-server --content-base ./build

[34mℹ[39m [90m｢wds｣[39m: Project is running at http://192.168.2.134:3700/
[34mℹ[39m [90m｢wds｣[39m: webpack output is served from /
[34mℹ[39m [90m｢wds｣[39m: Content not from webpack is served from /home/luyangfei/deploy/VTKClient/build
[34mℹ[39m [90m｢wds｣[39m: 404s will fallback to /index.html
[34mℹ[39m [90m｢wdm｣[39m: Hash: 270afa0438cef62426be
Version: webpack 4.43.0
Time: 12164ms
Built at: 07/15/2020 5:02:44 PM
           Asset       Size  Chunks             Chunk Names
       bundle.js   21.3 MiB    main  [emitted]  main
      index.html  386 bytes          [emitted]  
styles.bundle.js    8.7 KiB  styles  [emitted]  styles
      styles.css    832 KiB  styles  [emitted]  styles
Entrypoint main = styles.css styles.bundle.js bundle.js
[0] multi (webpack)-dev-server/client?http://192.168.2.134:3700 (webpack)/hot/dev-server.js webpack/hot/only-dev-server.js ./src/index.js 64 bytes {main} [built]
[./node_modules/react-dom/index.js] 1.33 KiB {main} [built]
[./node_modules/react/index.js] 190 bytes {main} [built]
[./node_modules/strip-ansi/index.js] 161 bytes {main} [built]
[./node_modules/webpack-dev-server/client/index.js?http://192.168.2.134:3700] (webpack)-dev-server/client?http://192.168.2.134:3700 4.29 KiB {main} [built]
[./node_modules/webpack-dev-server/client/overlay.js] (webpack)-dev-server/client/overlay.js 3.51 KiB {main} [built]
[./node_modules/webpack-dev-server/client/socket.js] (webpack)-dev-server/client/socket.js 1.53 KiB {main} [built]
[./node_modules/webpack-dev-server/client/utils/createSocketUrl.js] (webpack)-dev-server/client/utils/createSocketUrl.js 2.91 KiB {main} [built]
[./node_modules/webpack-dev-server/client/utils/log.js] (webpack)-dev-server/client/utils/log.js 964 bytes {main} [built]
[./node_modules/webpack-dev-server/client/utils/reloadApp.js] (webpack)-dev-server/client/utils/reloadApp.js 1.59 KiB {main} [built]
[./node_modules/webpack-dev-server/client/utils/sendMessage.js] (webpack)-dev-server/client/utils/sendMessage.js 402 bytes {main} [built]
[./node_modules/webpack/hot sync ^\.\/log$] (webpack)/hot sync nonrecursive ^\.\/log$ 170 bytes {main} [built]
[./node_modules/webpack/hot/dev-server.js] (webpack)/hot/dev-server.js 1.59 KiB {main} [built]
[./node_modules/webpack/hot/only-dev-server.js] (webpack)/hot/only-dev-server.js 2.52 KiB {main} [built]
[./src/index.js] 807 bytes {main} [built]
    + 2518 hidden modules
Child HtmlWebpackCompiler:
     1 asset
    Entrypoint HtmlWebpackPlugin_0 = __child-HtmlWebpackPlugin_0
    [./node_modules/html-webpack-plugin/lib/loader.js!./src/template.html] 528 bytes {HtmlWebpackPlugin_0} [built]
Child mini-css-extract-plugin node_modules/css-loader/dist/cjs.js!node_modules/antd/lib/button/style/index.css:
    Entrypoint mini-css-extract-plugin = *
    [./node_modules/css-loader/dist/cjs.js!./node_modules/antd/lib/button/style/index.css] 51 KiB {mini-css-extract-plugin} [built]
    [./node_modules/css-loader/dist/runtime/api.js] 2.46 KiB {mini-css-extract-plugin} [built]
Child mini-css-extract-plugin node_modules/css-loader/dist/cjs.js!node_modules/antd/lib/checkbox/style/index.css:
    Entrypoint mini-css-extract-plugin = *
    [./node_modules/css-loader/dist/cjs.js!./node_modules/antd/lib/checkbox/style/index.css] 6.57 KiB {mini-css-extract-plugin} [built]
    [./node_modules/css-loader/dist/runtime/api.js] 2.46 KiB {mini-css-extract-plugin} [built]
Child mini-css-extract-plugin node_modules/css-loader/dist/cjs.js!node_modules/antd/lib/empty/style/index.css:
    Entrypoint mini-css-extract-plugin = *
    [./node_modules/css-loader/dist/cjs.js!./node_modules/antd/lib/empty/style/index.css] 1.67 KiB {mini-css-extract-plugin} [built]
    [./node_modules/css-loader/dist/runtime/api.js] 2.46 KiB {mini-css-extract-plugin} [built]
Child mini-css-extract-plugin node_modules/css-loader/dist/cjs.js!node_modules/antd/lib/grid/style/index.css:
    Entrypoint mini-css-extract-plugin = *
    [./node_modules/css-loader/dist/cjs.js!./node_modules/antd/lib/grid/style/index.css] 120 KiB {mini-css-extract-plugin} [built]
    [./node_modules/css-loader/dist/runtime/api.js] 2.46 KiB {mini-css-extract-plugin} [built]
Child mini-css-extract-plugin node_modules/css-loader/dist/cjs.js!node_modules/antd/lib/input-number/style/index.css:
    Entrypoint mini-css-extract-plugin = *
    [./node_modules/css-loader/dist/cjs.js!./node_modules/antd/lib/input-number/style/index.css] 8.65 KiB {mini-css-extract-plugin} [built]
    [./node_modules/css-loader/dist/runtime/api.js] 2.46 KiB {mini-css-extract-plugin} [built]
Child mini-css-extract-plugin node_modules/css-loader/dist/cjs.js!node_modules/antd/lib/input/style/index.css:
    Entrypoint mini-css-extract-plugin = *
    [./node_modules/css-loader/dist/cjs.js!./node_modules/antd/lib/input/style/index.css] 24.1 KiB {mini-css-extract-plugin} [built]
    [./node_modules/css-loader/dist/runtime/api.js] 2.46 KiB {mini-css-extract-plugin} [built]
Child mini-css-extract-plugin node_modules/css-loader/dist/cjs.js!node_modules/antd/lib/layout/style/index.css:
    Entrypoint mini-css-extract-plugin = *
    [./node_modules/css-loader/dist/cjs.js!./node_modules/antd/lib/layout/style/index.css] 3.47 KiB {mini-css-extract-plugin} [built]
    [./node_modules/css-loader/dist/runtime/api.js] 2.46 KiB {mini-css-extract-plugin} [built]
Child mini-css-extract-plugin node_modules/css-loader/dist/cjs.js!node_modules/antd/lib/message/style/index.css:
    Entrypoint mini-css-extract-plugin = *
    [./node_modules/css-loader/dist/cjs.js!./node_modules/antd/lib/message/style/index.css] 2.49 KiB {mini-css-extract-plugin} [built]
    [./node_modules/css-loader/dist/runtime/api.js] 2.46 KiB {mini-css-extract-plugin} [built]
Child mini-css-extract-plugin node_modules/css-loader/dist/cjs.js!node_modules/antd/lib/select/style/index.css:
    Entrypoint mini-css-extract-plugin = *
    [./node_modules/css-loader/dist/cjs.js!./node_modules/antd/lib/select/style/index.css] 21.5 KiB {mini-css-extract-plugin} [built]
    [./node_modules/css-loader/dist/runtime/api.js] 2.46 KiB {mini-css-extract-plugin} [built]
Child mini-css-extract-plugin node_modules/css-loader/dist/cjs.js!node_modules/antd/lib/slider/style/index.css:
    Entrypoint mini-css-extract-plugin = *
    [./node_modules/css-loader/dist/cjs.js!./node_modules/antd/lib/slider/style/index.css] 5.8 KiB {mini-css-extract-plugin} [built]
    [./node_modules/css-loader/dist/runtime/api.js] 2.46 KiB {mini-css-extract-plugin} [built]
Child mini-css-extract-plugin node_modules/css-loader/dist/cjs.js!node_modules/antd/lib/spin/style/index.css:
    Entrypoint mini-css-extract-plugin = *
    [./node_modules/css-loader/dist/cjs.js!./node_modules/antd/lib/spin/style/index.css] 5.78 KiB {mini-css-extract-plugin} [built]
    [./node_modules/css-loader/dist/runtime/api.js] 2.46 KiB {mini-css-extract-plugin} [built]
Child mini-css-extract-plugin node_modules/css-loader/dist/cjs.js!node_modules/antd/lib/style/index.css:
    Entrypoint mini-css-extract-plugin = *
    [./node_modules/css-loader/dist/cjs.js!./node_modules/antd/lib/style/index.css] 52.5 KiB {mini-css-extract-plugin} [built]
    [./node_modules/css-loader/dist/runtime/api.js] 2.46 KiB {mini-css-extract-plugin} [built]
Child mini-css-extract-plugin node_modules/css-loader/dist/cjs.js!node_modules/antd/lib/tooltip/style/index.css:
    Entrypoint mini-css-extract-plugin = *
    [./node_modules/css-loader/dist/cjs.js!./node_modules/antd/lib/tooltip/style/index.css] 7.99 KiB {mini-css-extract-plugin} [built]
    [./node_modules/css-loader/dist/runtime/api.js] 2.46 KiB {mini-css-extract-plugin} [built]
Child mini-css-extract-plugin node_modules/css-loader/dist/cjs.js!node_modules/antd/lib/tree/style/index.css:
    Entrypoint mini-css-extract-plugin = *
    [./node_modules/css-loader/dist/cjs.js!./node_modules/antd/lib/tree/style/index.css] 13.9 KiB {mini-css-extract-plugin} [built]
    [./node_modules/css-loader/dist/runtime/api.js] 2.46 KiB {mini-css-extract-plugin} [built]
Child mini-css-extract-plugin node_modules/css-loader/dist/cjs.js!node_modules/vtk.js/Examples/Geometry/SpheresAndLabels/style.module.css:
    Entrypoint mini-css-extract-plugin = *
    [./node_modules/css-loader/dist/cjs.js!./node_modules/vtk.js/Examples/Geometry/SpheresAndLabels/style.module.css] 318 bytes {mini-css-extract-plugin} [built]
    [./node_modules/css-loader/dist/runtime/api.js] 2.46 KiB {mini-css-extract-plugin} [built]
Child mini-css-extract-plugin node_modules/css-loader/dist/cjs.js!src/index.css:
    Entrypoint mini-css-extract-plugin = *
    [./node_modules/css-loader/dist/cjs.js!./src/index.css] 2.06 KiB {mini-css-extract-plugin} [built]
    [./node_modules/css-loader/dist/runtime/api.js] 2.46 KiB {mini-css-extract-plugin} [built]
[34mℹ[39m [90m｢wdm｣[39m: Compiled successfully.
[34mℹ[39m [90m｢wdm｣[39m: Compiling...
[34mℹ[39m [90m｢wdm｣[39m: Hash: d148e717d97fc4f5ec26
Version: webpack 4.43.0
Time: 2824ms
Built at: 07/16/2020 9:05:37 AM
                                    Asset      Size  Chunks                               Chunk Names
     270afa0438cef62426be.hot-update.json  60 bytes          [emitted] [immutable] [hmr]  
                                bundle.js  21.3 MiB    main  [emitted]                    main
  main.270afa0438cef62426be.hot-update.js  58.3 KiB    main  [emitted] [immutable] [hmr]  main
styles.270afa0438cef62426be.hot-update.js  9.05 KiB  styles  [emitted] [immutable] [hmr]  styles
                         styles.bundle.js   8.7 KiB  styles  [emitted]                    styles
                               styles.css   832 KiB  styles  [emitted]                    styles
Entrypoint main = styles.css styles.bundle.js styles.270afa0438cef62426be.hot-update.js bundle.js main.270afa0438cef62426be.hot-update.js
[./src/components/index.js] 21.1 KiB {main} [built]
    + 2532 hidden modules
[34mℹ[39m [90m｢wdm｣[39m: Compiled successfully.
Killed
npm ERR! code ELIFECYCLE
npm ERR! errno 137
npm ERR! webpack-react@1.0.0 dev: `webpack-dev-server --content-base ./build`
npm ERR! Exit status 137
npm ERR! 
npm ERR! Failed at the webpack-react@1.0.0 dev script.
npm ERR! This is probably not a problem with npm. There is likely additional logging output above.

npm ERR! A complete log of this run can be found in:
npm ERR!     /home/luyangfei/.npm/_logs/2020-07-16T01_10_21_467Z-debug.log

> webpack-react@1.0.0 dev /home/luyangfei/deploy/VTKClient
> webpack-dev-server --content-base ./build

[34mℹ[39m [90m｢wds｣[39m: Project is running at http://192.168.2.134:3700/
[34mℹ[39m [90m｢wds｣[39m: webpack output is served from /
[34mℹ[39m [90m｢wds｣[39m: Content not from webpack is served from /home/luyangfei/deploy/VTKClient/build
[34mℹ[39m [90m｢wds｣[39m: 404s will fallback to /index.html
[34mℹ[39m [90m｢wdm｣[39m: Hash: ab73b28e5c74e576c557
Version: webpack 4.43.0
Time: 13470ms
Built at: 07/16/2020 10:09:38 AM
           Asset       Size  Chunks             Chunk Names
       bundle.js   21.3 MiB    main  [emitted]  main
      index.html  386 bytes          [emitted]  
styles.bundle.js   8.34 KiB  styles  [emitted]  styles
      styles.css    311 KiB  styles  [emitted]  styles
Entrypoint main = styles.bundle.js styles.css bundle.js
[0] multi (webpack)-dev-server/client?http://192.168.2.134:3700 (webpack)/hot/dev-server.js webpack/hot/only-dev-server.js ./src/index.js 64 bytes {main} [built]
[./node_modules/react-dom/index.js] 1.33 KiB {main} [built]
[./node_modules/react/index.js] 190 bytes {main} [built]
[./node_modules/strip-ansi/index.js] 161 bytes {main} [built]
[./node_modules/webpack-dev-server/client/index.js?http://192.168.2.134:3700] (webpack)-dev-server/client?http://192.168.2.134:3700 4.29 KiB {main} [built]
[./node_modules/webpack-dev-server/client/overlay.js] (webpack)-dev-server/client/overlay.js 3.51 KiB {main} [built]
[./node_modules/webpack-dev-server/client/socket.js] (webpack)-dev-server/client/socket.js 1.53 KiB {main} [built]
[./node_modules/webpack-dev-server/client/utils/createSocketUrl.js] (webpack)-dev-server/client/utils/createSocketUrl.js 2.91 KiB {main} [built]
[./node_modules/webpack-dev-server/client/utils/log.js] (webpack)-dev-server/client/utils/log.js 964 bytes {main} [built]
[./node_modules/webpack-dev-server/client/utils/reloadApp.js] (webpack)-dev-server/client/utils/reloadApp.js 1.59 KiB {main} [built]
[./node_modules/webpack-dev-server/client/utils/sendMessage.js] (webpack)-dev-server/client/utils/sendMessage.js 402 bytes {main} [built]
[./node_modules/webpack/hot sync ^\.\/log$] (webpack)/hot sync nonrecursive ^\.\/log$ 170 bytes {main} [built]
[./node_modules/webpack/hot/dev-server.js] (webpack)/hot/dev-server.js 1.59 KiB {main} [built]
[./node_modules/webpack/hot/only-dev-server.js] (webpack)/hot/only-dev-server.js 2.52 KiB {main} [built]
[./src/index.js] 807 bytes {main} [built]
    + 2520 hidden modules
Child HtmlWebpackCompiler:
     1 asset
    Entrypoint HtmlWebpackPlugin_0 = __child-HtmlWebpackPlugin_0
    [./node_modules/html-webpack-plugin/lib/loader.js!./src/template.html] 528 bytes {HtmlWebpackPlugin_0} [built]
Child extract-text-webpack-plugin node_modules/extract-text-webpack-plugin/dist node_modules/css-loader/dist/cjs.js!node_modules/antd/lib/button/style/index.css:
    Entrypoint undefined = extract-text-webpack-plugin-output-filename
    [./node_modules/css-loader/dist/cjs.js!./node_modules/antd/lib/button/style/index.css] 51 KiB {0} [built]
    [./node_modules/css-loader/dist/runtime/api.js] 2.46 KiB {0} [built]
Child extract-text-webpack-plugin node_modules/extract-text-webpack-plugin/dist node_modules/css-loader/dist/cjs.js!node_modules/antd/lib/checkbox/style/index.css:
    Entrypoint undefined = extract-text-webpack-plugin-output-filename
    [./node_modules/css-loader/dist/cjs.js!./node_modules/antd/lib/checkbox/style/index.css] 6.57 KiB {0} [built]
    [./node_modules/css-loader/dist/runtime/api.js] 2.46 KiB {0} [built]
Child extract-text-webpack-plugin node_modules/extract-text-webpack-plugin/dist node_modules/css-loader/dist/cjs.js!node_modules/antd/lib/empty/style/index.css:
    Entrypoint undefined = extract-text-webpack-plugin-output-filename
    [./node_modules/css-loader/dist/cjs.js!./node_modules/antd/lib/empty/style/index.css] 1.67 KiB {0} [built]
    [./node_modules/css-loader/dist/runtime/api.js] 2.46 KiB {0} [built]
Child extract-text-webpack-plugin node_modules/extract-text-webpack-plugin/dist node_modules/css-loader/dist/cjs.js!node_modules/antd/lib/grid/style/index.css:
    Entrypoint undefined = extract-text-webpack-plugin-output-filename
    [./node_modules/css-loader/dist/cjs.js!./node_modules/antd/lib/grid/style/index.css] 120 KiB {0} [built]
    [./node_modules/css-loader/dist/runtime/api.js] 2.46 KiB {0} [built]
Child extract-text-webpack-plugin node_modules/extract-text-webpack-plugin/dist node_modules/css-loader/dist/cjs.js!node_modules/antd/lib/input-number/style/index.css:
    Entrypoint undefined = extract-text-webpack-plugin-output-filename
    [./node_modules/css-loader/dist/cjs.js!./node_modules/antd/lib/input-number/style/index.css] 8.65 KiB {0} [built]
    [./node_modules/css-loader/dist/runtime/api.js] 2.46 KiB {0} [built]
Child extract-text-webpack-plugin node_modules/extract-text-webpack-plugin/dist node_modules/css-loader/dist/cjs.js!node_modules/antd/lib/input/style/index.css:
    Entrypoint undefined = extract-text-webpack-plugin-output-filename
    [./node_modules/css-loader/dist/cjs.js!./node_modules/antd/lib/input/style/index.css] 24.1 KiB {0} [built]
    [./node_modules/css-loader/dist/runtime/api.js] 2.46 KiB {0} [built]
Child extract-text-webpack-plugin node_modules/extract-text-webpack-plugin/dist node_modules/css-loader/dist/cjs.js!node_modules/antd/lib/layout/style/index.css:
    Entrypoint undefined = extract-text-webpack-plugin-output-filename
    [./node_modules/css-loader/dist/cjs.js!./node_modules/antd/lib/layout/style/index.css] 3.47 KiB {0} [built]
    [./node_modules/css-loader/dist/runtime/api.js] 2.46 KiB {0} [built]
Child extract-text-webpack-plugin node_modules/extract-text-webpack-plugin/dist node_modules/css-loader/dist/cjs.js!node_modules/antd/lib/message/style/index.css:
    Entrypoint undefined = extract-text-webpack-plugin-output-filename
    [./node_modules/css-loader/dist/cjs.js!./node_modules/antd/lib/message/style/index.css] 2.49 KiB {0} [built]
    [./node_modules/css-loader/dist/runtime/api.js] 2.46 KiB {0} [built]
Child extract-text-webpack-plugin node_modules/extract-text-webpack-plugin/dist node_modules/css-loader/dist/cjs.js!node_modules/antd/lib/select/style/index.css:
    Entrypoint undefined = extract-text-webpack-plugin-output-filename
    [./node_modules/css-loader/dist/cjs.js!./node_modules/antd/lib/select/style/index.css] 21.5 KiB {0} [built]
    [./node_modules/css-loader/dist/runtime/api.js] 2.46 KiB {0} [built]
Child extract-text-webpack-plugin node_modules/extract-text-webpack-plugin/dist node_modules/css-loader/dist/cjs.js!node_modules/antd/lib/slider/style/index.css:
    Entrypoint undefined = extract-text-webpack-plugin-output-filename
    [./node_modules/css-loader/dist/cjs.js!./node_modules/antd/lib/slider/style/index.css] 5.8 KiB {0} [built]
    [./node_modules/css-loader/dist/runtime/api.js] 2.46 KiB {0} [built]
Child extract-text-webpack-plugin node_modules/extract-text-webpack-plugin/dist node_modules/css-loader/dist/cjs.js!node_modules/antd/lib/spin/style/index.css:
    Entrypoint undefined = extract-text-webpack-plugin-output-filename
    [./node_modules/css-loader/dist/cjs.js!./node_modules/antd/lib/spin/style/index.css] 5.78 KiB {0} [built]
    [./node_modules/css-loader/dist/runtime/api.js] 2.46 KiB {0} [built]
Child extract-text-webpack-plugin node_modules/extract-text-webpack-plugin/dist node_modules/css-loader/dist/cjs.js!node_modules/antd/lib/style/index.css:
    Entrypoint undefined = extract-text-webpack-plugin-output-filename
    [./node_modules/css-loader/dist/cjs.js!./node_modules/antd/lib/style/index.css] 52.5 KiB {0} [built]
    [./node_modules/css-loader/dist/runtime/api.js] 2.46 KiB {0} [built]
Child extract-text-webpack-plugin node_modules/extract-text-webpack-plugin/dist node_modules/css-loader/dist/cjs.js!node_modules/antd/lib/tooltip/style/index.css:
    Entrypoint undefined = extract-text-webpack-plugin-output-filename
    [./node_modules/css-loader/dist/cjs.js!./node_modules/antd/lib/tooltip/style/index.css] 7.99 KiB {0} [built]
    [./node_modules/css-loader/dist/runtime/api.js] 2.46 KiB {0} [built]
Child extract-text-webpack-plugin node_modules/extract-text-webpack-plugin/dist node_modules/css-loader/dist/cjs.js!node_modules/antd/lib/tree/style/index.css:
    Entrypoint undefined = extract-text-webpack-plugin-output-filename
    [./node_modules/css-loader/dist/cjs.js!./node_modules/antd/lib/tree/style/index.css] 13.9 KiB {0} [built]
    [./node_modules/css-loader/dist/runtime/api.js] 2.46 KiB {0} [built]
Child extract-text-webpack-plugin node_modules/extract-text-webpack-plugin/dist node_modules/css-loader/dist/cjs.js!node_modules/vtk.js/Examples/Geometry/SpheresAndLabels/style.module.css:
    Entrypoint undefined = extract-text-webpack-plugin-output-filename
    [./node_modules/css-loader/dist/cjs.js!./node_modules/vtk.js/Examples/Geometry/SpheresAndLabels/style.module.css] 318 bytes {0} [built]
    [./node_modules/css-loader/dist/runtime/api.js] 2.46 KiB {0} [built]
Child extract-text-webpack-plugin node_modules/extract-text-webpack-plugin/dist node_modules/css-loader/dist/cjs.js!src/index.css:
    Entrypoint undefined = extract-text-webpack-plugin-output-filename
    [./node_modules/css-loader/dist/cjs.js!./src/index.css] 2.06 KiB {0} [built]
    [./node_modules/css-loader/dist/runtime/api.js] 2.46 KiB {0} [built]
[34mℹ[39m [90m｢wdm｣[39m: Compiled successfully.
