
> webpack-react@1.0.0 dev /home/luyangfei/deploy/DataVClient
> webpack-dev-server --content-base ./build

[34mℹ[39m [90m｢wds｣[39m: Project is running at http://192.168.2.134:3600/
[34mℹ[39m [90m｢wds｣[39m: webpack output is served from /
[34mℹ[39m [90m｢wds｣[39m: Content not from webpack is served from /home/luyangfei/deploy/DataVClient/build
[34mℹ[39m [90m｢wds｣[39m: 404s will fallback to /index.html
[34mℹ[39m [90m｢wdm｣[39m: Hash: d65131d4cecde9b62fff
Version: webpack 4.43.0
Time: 3785ms
Built at: 07/15/2020 9:41:28 AM
           Asset       Size  Chunks             Chunk Names
       bundle.js   18.2 MiB    main  [emitted]  main
      index.html  386 bytes          [emitted]  
styles.bundle.js   1.66 KiB  styles  [emitted]  styles
      styles.css   1.95 MiB  styles  [emitted]  styles
Entrypoint main = styles.css styles.bundle.js bundle.js
[0] multi (webpack)-dev-server/client?http://192.168.2.134:3600 (webpack)/hot/dev-server.js webpack/hot/only-dev-server.js ./src/index.js 64 bytes {main} [built]
[./node_modules/react-dom/index.js] 1.33 KiB {main} [built]
[./node_modules/react/index.js] 190 bytes {main} [built]
[./node_modules/strip-ansi/index.js] 161 bytes {main} [built]
[./node_modules/webpack-dev-server/client/index.js?http://192.168.2.134:3600] (webpack)-dev-server/client?http://192.168.2.134:3600 4.29 KiB {main} [built]
[./node_modules/webpack-dev-server/client/overlay.js] (webpack)-dev-server/client/overlay.js 3.51 KiB {main} [built]
[./node_modules/webpack-dev-server/client/socket.js] (webpack)-dev-server/client/socket.js 1.53 KiB {main} [built]
[./node_modules/webpack-dev-server/client/utils/createSocketUrl.js] (webpack)-dev-server/client/utils/createSocketUrl.js 2.91 KiB {main} [built]
[./node_modules/webpack-dev-server/client/utils/log.js] (webpack)-dev-server/client/utils/log.js 964 bytes {main} [built]
[./node_modules/webpack-dev-server/client/utils/reloadApp.js] (webpack)-dev-server/client/utils/reloadApp.js 1.59 KiB {main} [built]
[./node_modules/webpack-dev-server/client/utils/sendMessage.js] (webpack)-dev-server/client/utils/sendMessage.js 402 bytes {main} [built]
[./node_modules/webpack/hot sync ^\.\/log$] (webpack)/hot sync nonrecursive ^\.\/log$ 170 bytes {main} [built]
[./node_modules/webpack/hot/dev-server.js] (webpack)/hot/dev-server.js 1.59 KiB {main} [built]
[./node_modules/webpack/hot/only-dev-server.js] (webpack)/hot/only-dev-server.js 2.52 KiB {main} [built]
[./src/index.js] 838 bytes {main} [built]
    + 795 hidden modules
Child HtmlWebpackCompiler:
     1 asset
    Entrypoint HtmlWebpackPlugin_0 = __child-HtmlWebpackPlugin_0
    [./node_modules/html-webpack-plugin/lib/loader.js!./src/template.html] 530 bytes {HtmlWebpackPlugin_0} [built]
Child mini-css-extract-plugin node_modules/css-loader/dist/cjs.js!node_modules/antd/lib/spin/style/index.css:
    Entrypoint mini-css-extract-plugin = *
    [./node_modules/css-loader/dist/cjs.js!./node_modules/antd/lib/spin/style/index.css] 5.78 KiB {mini-css-extract-plugin} [built]
    [./node_modules/css-loader/dist/runtime/api.js] 2.46 KiB {mini-css-extract-plugin} [built]
Child mini-css-extract-plugin node_modules/css-loader/dist/cjs.js!node_modules/antd/lib/style/index.css:
    Entrypoint mini-css-extract-plugin = *
    [./node_modules/css-loader/dist/cjs.js!./node_modules/antd/lib/style/index.css] 52.5 KiB {mini-css-extract-plugin} [built]
    [./node_modules/css-loader/dist/runtime/api.js] 2.46 KiB {mini-css-extract-plugin} [built]
Child mini-css-extract-plugin node_modules/css-loader/dist/cjs.js!src/index.css:
    Entrypoint mini-css-extract-plugin = *
    [./node_modules/css-loader/dist/cjs.js!./node_modules/antd/dist/antd.css] 727 KiB {mini-css-extract-plugin} [built]
    [./node_modules/css-loader/dist/cjs.js!./src/index.css] 1020 bytes {mini-css-extract-plugin} [built]
    [./node_modules/css-loader/dist/runtime/api.js] 2.46 KiB {mini-css-extract-plugin} [built]
[34mℹ[39m [90m｢wdm｣[39m: Compiled successfully.
Killed

> webpack-react@1.0.0 dev /home/luyangfei/deploy/DataVClient
> webpack-dev-server --content-base ./build

[34mℹ[39m [90m｢wds｣[39m: Project is running at http://192.168.2.134:3600/
[34mℹ[39m [90m｢wds｣[39m: webpack output is served from /
[34mℹ[39m [90m｢wds｣[39m: Content not from webpack is served from /home/luyangfei/deploy/DataVClient/build
[34mℹ[39m [90m｢wds｣[39m: 404s will fallback to /index.html
[34mℹ[39m [90m｢wdm｣[39m: Hash: d65131d4cecde9b62fff
Version: webpack 4.43.0
Time: 4104ms
Built at: 07/15/2020 9:55:09 AM
           Asset       Size  Chunks             Chunk Names
       bundle.js   18.2 MiB    main  [emitted]  main
      index.html  386 bytes          [emitted]  
styles.bundle.js   1.66 KiB  styles  [emitted]  styles
      styles.css   1.95 MiB  styles  [emitted]  styles
Entrypoint main = styles.css styles.bundle.js bundle.js
[0] multi (webpack)-dev-server/client?http://192.168.2.134:3600 (webpack)/hot/dev-server.js webpack/hot/only-dev-server.js ./src/index.js 64 bytes {main} [built]
[./node_modules/react-dom/index.js] 1.33 KiB {main} [built]
[./node_modules/react/index.js] 190 bytes {main} [built]
[./node_modules/strip-ansi/index.js] 161 bytes {main} [built]
[./node_modules/webpack-dev-server/client/index.js?http://192.168.2.134:3600] (webpack)-dev-server/client?http://192.168.2.134:3600 4.29 KiB {main} [built]
[./node_modules/webpack-dev-server/client/overlay.js] (webpack)-dev-server/client/overlay.js 3.51 KiB {main} [built]
[./node_modules/webpack-dev-server/client/socket.js] (webpack)-dev-server/client/socket.js 1.53 KiB {main} [built]
[./node_modules/webpack-dev-server/client/utils/createSocketUrl.js] (webpack)-dev-server/client/utils/createSocketUrl.js 2.91 KiB {main} [built]
[./node_modules/webpack-dev-server/client/utils/log.js] (webpack)-dev-server/client/utils/log.js 964 bytes {main} [built]
[./node_modules/webpack-dev-server/client/utils/reloadApp.js] (webpack)-dev-server/client/utils/reloadApp.js 1.59 KiB {main} [built]
[./node_modules/webpack-dev-server/client/utils/sendMessage.js] (webpack)-dev-server/client/utils/sendMessage.js 402 bytes {main} [built]
[./node_modules/webpack/hot sync ^\.\/log$] (webpack)/hot sync nonrecursive ^\.\/log$ 170 bytes {main} [built]
[./node_modules/webpack/hot/dev-server.js] (webpack)/hot/dev-server.js 1.59 KiB {main} [built]
[./node_modules/webpack/hot/only-dev-server.js] (webpack)/hot/only-dev-server.js 2.52 KiB {main} [built]
[./src/index.js] 838 bytes {main} [built]
    + 795 hidden modules
Child HtmlWebpackCompiler:
     1 asset
    Entrypoint HtmlWebpackPlugin_0 = __child-HtmlWebpackPlugin_0
    [./node_modules/html-webpack-plugin/lib/loader.js!./src/template.html] 530 bytes {HtmlWebpackPlugin_0} [built]
Child mini-css-extract-plugin node_modules/css-loader/dist/cjs.js!node_modules/antd/lib/spin/style/index.css:
    Entrypoint mini-css-extract-plugin = *
    [./node_modules/css-loader/dist/cjs.js!./node_modules/antd/lib/spin/style/index.css] 5.78 KiB {mini-css-extract-plugin} [built]
    [./node_modules/css-loader/dist/runtime/api.js] 2.46 KiB {mini-css-extract-plugin} [built]
Child mini-css-extract-plugin node_modules/css-loader/dist/cjs.js!node_modules/antd/lib/style/index.css:
    Entrypoint mini-css-extract-plugin = *
    [./node_modules/css-loader/dist/cjs.js!./node_modules/antd/lib/style/index.css] 52.5 KiB {mini-css-extract-plugin} [built]
    [./node_modules/css-loader/dist/runtime/api.js] 2.46 KiB {mini-css-extract-plugin} [built]
Child mini-css-extract-plugin node_modules/css-loader/dist/cjs.js!src/index.css:
    Entrypoint mini-css-extract-plugin = *
    [./node_modules/css-loader/dist/cjs.js!./node_modules/antd/dist/antd.css] 727 KiB {mini-css-extract-plugin} [built]
    [./node_modules/css-loader/dist/cjs.js!./src/index.css] 1020 bytes {mini-css-extract-plugin} [built]
    [./node_modules/css-loader/dist/runtime/api.js] 2.46 KiB {mini-css-extract-plugin} [built]
[34mℹ[39m [90m｢wdm｣[39m: Compiled successfully.
[34mℹ[39m [90m｢wdm｣[39m: Compiling...
[34mℹ[39m [90m｢wdm｣[39m: Hash: 2366b32ec8e752f6769d
Version: webpack 4.43.0
Time: 1386ms
Built at: 07/15/2020 1:50:59 PM
                                    Asset      Size  Chunks                               Chunk Names
                                bundle.js  18.2 MiB    main  [emitted]                    main
     d65131d4cecde9b62fff.hot-update.json  60 bytes          [emitted] [immutable] [hmr]  
  main.d65131d4cecde9b62fff.hot-update.js  10.2 KiB    main  [emitted] [immutable] [hmr]  main
                         styles.bundle.js  1.66 KiB  styles  [emitted]                    styles
                               styles.css  1.95 MiB  styles  [emitted]                    styles
styles.d65131d4cecde9b62fff.hot-update.js  1.74 KiB  styles  [emitted] [immutable] [hmr]  styles
Entrypoint main = styles.css styles.bundle.js styles.d65131d4cecde9b62fff.hot-update.js bundle.js main.d65131d4cecde9b62fff.hot-update.js
[./src/router/index.js] 6.33 KiB {main} [built]
    + 809 hidden modules
[34mℹ[39m [90m｢wdm｣[39m: Compiled successfully.
[34mℹ[39m [90m｢wdm｣[39m: Compiling...
[34mℹ[39m [90m｢wdm｣[39m: Hash: 5b42e1a6160b892ee9ec
Version: webpack 4.43.0
Time: 1318ms
Built at: 07/15/2020 1:52:04 PM
                                  Asset      Size  Chunks                               Chunk Names
   2366b32ec8e752f6769d.hot-update.json  46 bytes          [emitted] [immutable] [hmr]  
                              bundle.js  18.2 MiB    main  [emitted]                    main
main.2366b32ec8e752f6769d.hot-update.js  10.2 KiB    main  [emitted] [immutable] [hmr]  main
 + 2 hidden assets
Entrypoint main = styles.css styles.bundle.js bundle.js main.2366b32ec8e752f6769d.hot-update.js
[./src/router/index.js] 6.3 KiB {main} [built]
    + 809 hidden modules
[34mℹ[39m [90m｢wdm｣[39m: Compiled successfully.
[34mℹ[39m [90m｢wdm｣[39m: Compiling...
[31m✖[39m [90m｢wdm｣[39m: Hash: e8a6aecfffa6bf3b7b02
Version: webpack 4.43.0
Time: 444ms
Built at: 07/15/2020 1:52:36 PM
                                    Asset       Size  Chunks                               Chunk Names
     5b42e1a6160b892ee9ec.hot-update.json   60 bytes          [emitted] [immutable] [hmr]  
                                bundle.js    3.3 MiB    main  [emitted]                    main
  main.5b42e1a6160b892ee9ec.hot-update.js   55.3 KiB    main  [emitted] [immutable] [hmr]  main
styles.5b42e1a6160b892ee9ec.hot-update.js  408 bytes  styles  [emitted] [immutable] [hmr]  styles
                         styles.bundle.js  667 bytes  styles  [emitted]                    styles
                               styles.css   1.81 MiB  styles  [emitted]                    styles
Entrypoint main = styles.css styles.bundle.js styles.5b42e1a6160b892ee9ec.hot-update.js bundle.js main.5b42e1a6160b892ee9ec.hot-update.js
[./src/router/index.js] 1.64 KiB {main} [built] [failed] [1 error]
    + 51 hidden modules

ERROR in ./src/router/index.js
Module build failed (from ./node_modules/babel-loader/lib/index.js):
SyntaxError: /home/luyangfei/deploy/DataVClient/src/router/index.js: Identifier 'TestView' has already been declared (5:7)

  3 | import TestView from '../component/home';
  4 | 
> 5 | import TestView from '../component/TestView';
    |        ^
  6 | import DateView from '../component/DateView';
  7 | import DateView1 from '../component/DateView1';
  8 | import DateView2 from '../component/DateView2';
    at Object._raise (/home/luyangfei/deploy/DataVClient/node_modules/@babel/parser/lib/index.js:757:17)
    at Object.raiseWithData (/home/luyangfei/deploy/DataVClient/node_modules/@babel/parser/lib/index.js:750:17)
    at Object.raise (/home/luyangfei/deploy/DataVClient/node_modules/@babel/parser/lib/index.js:744:17)
    at ScopeHandler.checkRedeclarationInScope (/home/luyangfei/deploy/DataVClient/node_modules/@babel/parser/lib/index.js:4803:12)
    at ScopeHandler.declareName (/home/luyangfei/deploy/DataVClient/node_modules/@babel/parser/lib/index.js:4769:12)
    at Object.checkLVal (/home/luyangfei/deploy/DataVClient/node_modules/@babel/parser/lib/index.js:9288:22)
    at Object.parseImportSpecifierLocal (/home/luyangfei/deploy/DataVClient/node_modules/@babel/parser/lib/index.js:12620:10)
    at Object.maybeParseDefaultImportSpecifier (/home/luyangfei/deploy/DataVClient/node_modules/@babel/parser/lib/index.js:12665:12)
    at Object.parseImport (/home/luyangfei/deploy/DataVClient/node_modules/@babel/parser/lib/index.js:12591:31)
    at Object.parseStatementContent (/home/luyangfei/deploy/DataVClient/node_modules/@babel/parser/lib/index.js:11301:27)
 @ ./src/index.js 9:37-65
 @ multi webpack/hot/only-dev-server.js ./src/index.js
[34mℹ[39m [90m｢wdm｣[39m: Failed to compile.
[34mℹ[39m [90m｢wdm｣[39m: Compiling...
[34mℹ[39m [90m｢wdm｣[39m: Hash: 8807a82a5292cad4ba7d
Version: webpack 4.43.0
Time: 3687ms
Built at: 07/15/2020 1:52:48 PM
                                    Asset      Size  Chunks                               Chunk Names
                                bundle.js  18.2 MiB    main  [emitted]                    main
     e8a6aecfffa6bf3b7b02.hot-update.json  60 bytes          [emitted] [immutable] [hmr]  
  main.e8a6aecfffa6bf3b7b02.hot-update.js  14.9 MiB    main  [emitted] [immutable] [hmr]  main
                         styles.bundle.js  1.66 KiB  styles  [emitted]                    styles
                               styles.css  1.95 MiB  styles  [emitted]                    styles
styles.e8a6aecfffa6bf3b7b02.hot-update.js  1.28 KiB  styles  [emitted] [immutable] [hmr]  styles
Entrypoint main = styles.css styles.bundle.js styles.e8a6aecfffa6bf3b7b02.hot-update.js bundle.js main.e8a6aecfffa6bf3b7b02.hot-update.js
[./node_modules/@babel/runtime/helpers/esm/extends.js] 397 bytes {main} [built]
[./node_modules/@babel/runtime/helpers/esm/inheritsLoose.js] 204 bytes {main} [built]
[./node_modules/@babel/runtime/helpers/esm/objectWithoutPropertiesLoose.js] 350 bytes {main} [built]
[./node_modules/antd/lib/spin/index.js] 11.2 KiB {main} [built]
[./node_modules/antd/lib/spin/style/css.js] 73 bytes {main} [built]
[./node_modules/echarts-gl/dist/echarts-gl.js] 1.81 MiB {main} [built]
[./node_modules/history/esm/history.js] 28.1 KiB {main} [built]
[./node_modules/react-router-dom/esm/react-router-dom.js] 10.1 KiB {main} [built]
[./src/component/DateView.js] 32.4 KiB {main} [built]
[./src/component/DateView1.js] 12.8 KiB {main} [built]
[./src/component/DateView2.js] 8.21 KiB {main} [built]
[./src/component/DateView3.js] 8.34 KiB {main} [built]
[./src/component/TestView.js] 14.5 KiB {main} [built]
[./src/component/home.js] 154 bytes {main} [built]
[./src/router/index.js] 6.37 KiB {main} [built]
    + 796 hidden modules
Child mini-css-extract-plugin node_modules/css-loader/dist/cjs.js!node_modules/antd/lib/spin/style/index.css:
    Entrypoint mini-css-extract-plugin = *
    [./node_modules/css-loader/dist/cjs.js!./node_modules/antd/lib/spin/style/index.css] 5.78 KiB {mini-css-extract-plugin} [built]
        + 1 hidden module
Child mini-css-extract-plugin node_modules/css-loader/dist/cjs.js!node_modules/antd/lib/style/index.css:
    Entrypoint mini-css-extract-plugin = *
    [./node_modules/css-loader/dist/cjs.js!./node_modules/antd/lib/style/index.css] 52.5 KiB {mini-css-extract-plugin} [built]
        + 1 hidden module
[34mℹ[39m [90m｢wdm｣[39m: Compiled successfully.
[34mℹ[39m [90m｢wdm｣[39m: Compiling...
[34mℹ[39m [90m｢wdm｣[39m: Hash: 51aaf6b6a040d0bc2133
Version: webpack 4.43.0
Time: 1045ms
Built at: 07/15/2020 1:52:52 PM
                               Asset      Size  Chunks                               Chunk Names
8807a82a5292cad4ba7d.hot-update.json  35 bytes          [emitted] [immutable] [hmr]  
                           bundle.js  18.2 MiB    main  [emitted]                    main
 + 2 hidden assets
Entrypoint main = styles.css styles.bundle.js bundle.js
[./src/router/index.js] 6.37 KiB {main} [built]
    + 810 hidden modules
[34mℹ[39m [90m｢wdm｣[39m: Compiled successfully.
[34mℹ[39m [90m｢wdm｣[39m: Compiling...
[34mℹ[39m [90m｢wdm｣[39m: Hash: 67fb1a215bd54afba8fa
Version: webpack 4.43.0
Time: 1418ms
Built at: 07/15/2020 1:53:51 PM
                                  Asset      Size  Chunks                               Chunk Names
   51aaf6b6a040d0bc2133.hot-update.json  46 bytes          [emitted] [immutable] [hmr]  
                              bundle.js  18.2 MiB    main  [emitted]                    main
main.51aaf6b6a040d0bc2133.hot-update.js  8.71 KiB    main  [emitted] [immutable] [hmr]  main
 + 2 hidden assets
Entrypoint main = styles.css styles.bundle.js bundle.js main.51aaf6b6a040d0bc2133.hot-update.js
[./src/component/home.js] 6.31 KiB {main} [built]
    + 810 hidden modules
[34mℹ[39m [90m｢wdm｣[39m: Compiled successfully.
[34mℹ[39m [90m｢wdm｣[39m: Compiling...
[34mℹ[39m [90m｢wdm｣[39m: Hash: 67fb1a215bd54afba8fa
Version: webpack 4.43.0
Time: 215ms
Built at: 07/15/2020 1:59:53 PM
 3 assets
Entrypoint main = styles.css styles.bundle.js bundle.js
[./src/component/home.js] 6.31 KiB {main} [built]
    + 810 hidden modules
[34mℹ[39m [90m｢wdm｣[39m: Compiled successfully.
[34mℹ[39m [90m｢wdm｣[39m: Compiling...
[34mℹ[39m [90m｢wdm｣[39m: Hash: 4e4696764fd235b09d38
Version: webpack 4.43.0
Time: 1205ms
Built at: 07/15/2020 2:01:03 PM
                                  Asset      Size  Chunks                               Chunk Names
   67fb1a215bd54afba8fa.hot-update.json  46 bytes          [emitted] [immutable] [hmr]  
                              bundle.js  18.2 MiB    main  [emitted]                    main
main.67fb1a215bd54afba8fa.hot-update.js  8.98 KiB    main  [emitted] [immutable] [hmr]  main
 + 2 hidden assets
Entrypoint main = styles.css styles.bundle.js bundle.js main.67fb1a215bd54afba8fa.hot-update.js
[./src/component/home.js] 6.44 KiB {main} [built]
    + 810 hidden modules
[34mℹ[39m [90m｢wdm｣[39m: Compiled successfully.
[34mℹ[39m [90m｢wdm｣[39m: Compiling...
[34mℹ[39m [90m｢wdm｣[39m: Hash: 873a59abc7e37411e573
Version: webpack 4.43.0
Time: 1268ms
Built at: 07/15/2020 2:01:25 PM
                                  Asset      Size  Chunks                               Chunk Names
   4e4696764fd235b09d38.hot-update.json  46 bytes          [emitted] [immutable] [hmr]  
                              bundle.js  18.2 MiB    main  [emitted]                    main
main.4e4696764fd235b09d38.hot-update.js  9.83 KiB    main  [emitted] [immutable] [hmr]  main
 + 2 hidden assets
Entrypoint main = styles.css styles.bundle.js bundle.js main.4e4696764fd235b09d38.hot-update.js
[./src/component/home.js] 6.86 KiB {main} [built]
    + 810 hidden modules
[34mℹ[39m [90m｢wdm｣[39m: Compiled successfully.
[34mℹ[39m [90m｢wdm｣[39m: Compiling...
[34mℹ[39m [90m｢wdm｣[39m: Hash: 873a59abc7e37411e573
Version: webpack 4.43.0
Time: 254ms
Built at: 07/15/2020 2:03:10 PM
 3 assets
Entrypoint main = styles.css styles.bundle.js bundle.js
[./src/component/home.js] 6.86 KiB {main} [built]
    + 810 hidden modules
[34mℹ[39m [90m｢wdm｣[39m: Compiled successfully.
[34mℹ[39m [90m｢wdm｣[39m: Compiling...
[34mℹ[39m [90m｢wdm｣[39m: Hash: 873a59abc7e37411e573
Version: webpack 4.43.0
Time: 212ms
Built at: 07/15/2020 2:03:19 PM
 3 assets
Entrypoint main = styles.css styles.bundle.js bundle.js
[./src/component/home.js] 6.86 KiB {main} [built]
    + 810 hidden modules
[34mℹ[39m [90m｢wdm｣[39m: Compiled successfully.
[34mℹ[39m [90m｢wdm｣[39m: Compiling...
[31m✖[39m [90m｢wdm｣[39m: Hash: b59352284dc7f9f0174a
Version: webpack 4.43.0
Time: 1222ms
Built at: 07/15/2020 2:03:55 PM
                                  Asset      Size  Chunks                               Chunk Names
   873a59abc7e37411e573.hot-update.json  46 bytes          [emitted] [immutable] [hmr]  
                              bundle.js  18.2 MiB    main  [emitted]                    main
main.873a59abc7e37411e573.hot-update.js  2.01 KiB    main  [emitted] [immutable] [hmr]  main
 + 2 hidden assets
Entrypoint main = styles.css styles.bundle.js bundle.js main.873a59abc7e37411e573.hot-update.js
[./src/component/home.js] 1.55 KiB {main} [built] [failed] [1 error]
    + 810 hidden modules

ERROR in ./src/component/home.js
Module build failed (from ./node_modules/babel-loader/lib/index.js):
SyntaxError: /home/luyangfei/deploy/DataVClient/src/component/home.js: Unexpected token (24:23)

  22 | 	render() {
  23 | 		return (
> 24 | 			<div　style={{padding="20px"}}>
     | 			                    ^
  25 |                 <div>
  26 |                     <span>案例一</span>
  27 |                 </div>
    at Object._raise (/home/luyangfei/deploy/DataVClient/node_modules/@babel/parser/lib/index.js:757:17)
    at Object.raiseWithData (/home/luyangfei/deploy/DataVClient/node_modules/@babel/parser/lib/index.js:750:17)
    at Object.raise (/home/luyangfei/deploy/DataVClient/node_modules/@babel/parser/lib/index.js:744:17)
    at Object.unexpected (/home/luyangfei/deploy/DataVClient/node_modules/@babel/parser/lib/index.js:8834:16)
    at Object.checkExpressionErrors (/home/luyangfei/deploy/DataVClient/node_modules/@babel/parser/lib/index.js:8932:12)
    at Object.parseMaybeAssign (/home/luyangfei/deploy/DataVClient/node_modules/@babel/parser/lib/index.js:9501:12)
    at Object.parseExpression (/home/luyangfei/deploy/DataVClient/node_modules/@babel/parser/lib/index.js:9418:23)
    at Object.jsxParseExpressionContainer (/home/luyangfei/deploy/DataVClient/node_modules/@babel/parser/lib/index.js:4499:30)
    at Object.jsxParseAttributeValue (/home/luyangfei/deploy/DataVClient/node_modules/@babel/parser/lib/index.js:4466:21)
    at Object.jsxParseAttribute (/home/luyangfei/deploy/DataVClient/node_modules/@babel/parser/lib/index.js:4517:44)
 @ ./src/router/index.js 12:35-63
 @ ./src/index.js
 @ multi webpack/hot/only-dev-server.js ./src/index.js
[34mℹ[39m [90m｢wdm｣[39m: Failed to compile.
[34mℹ[39m [90m｢wdm｣[39m: Compiling...
[34mℹ[39m [90m｢wdm｣[39m: Hash: 1b058d9354c5119d38e5
Version: webpack 4.43.0
Time: 1075ms
Built at: 07/15/2020 2:04:02 PM
                                  Asset      Size  Chunks                               Chunk Names
   b59352284dc7f9f0174a.hot-update.json  46 bytes          [emitted] [immutable] [hmr]  
                              bundle.js  18.2 MiB    main  [emitted]                    main
main.b59352284dc7f9f0174a.hot-update.js  9.99 KiB    main  [emitted] [immutable] [hmr]  main
 + 2 hidden assets
Entrypoint main = styles.css styles.bundle.js bundle.js main.b59352284dc7f9f0174a.hot-update.js
[./src/component/home.js] 6.91 KiB {main} [built]
    + 810 hidden modules
[34mℹ[39m [90m｢wdm｣[39m: Compiled successfully.
[34mℹ[39m [90m｢wdm｣[39m: Compiling...
[34mℹ[39m [90m｢wdm｣[39m: Hash: 1ba3b990ad86cc668ef6
Version: webpack 4.43.0
Time: 1091ms
Built at: 07/15/2020 2:04:09 PM
                                  Asset      Size  Chunks                               Chunk Names
   1b058d9354c5119d38e5.hot-update.json  46 bytes          [emitted] [immutable] [hmr]  
                              bundle.js  18.2 MiB    main  [emitted]                    main
main.1b058d9354c5119d38e5.hot-update.js  9.98 KiB    main  [emitted] [immutable] [hmr]  main
 + 2 hidden assets
Entrypoint main = styles.css styles.bundle.js bundle.js main.1b058d9354c5119d38e5.hot-update.js
[./src/component/home.js] 6.92 KiB {main} [built]
    + 810 hidden modules
[34mℹ[39m [90m｢wdm｣[39m: Compiled successfully.
[34mℹ[39m [90m｢wdm｣[39m: Compiling...
[31m✖[39m [90m｢wdm｣[39m: Hash: d87d882f64e7a5ddbe64
Version: webpack 4.43.0
Time: 1055ms
Built at: 07/15/2020 2:04:15 PM
                                  Asset      Size  Chunks                               Chunk Names
   1ba3b990ad86cc668ef6.hot-update.json  46 bytes          [emitted] [immutable] [hmr]  
                              bundle.js  18.2 MiB    main  [emitted]                    main
main.1ba3b990ad86cc668ef6.hot-update.js  2.01 KiB    main  [emitted] [immutable] [hmr]  main
 + 2 hidden assets
Entrypoint main = styles.css styles.bundle.js bundle.js main.1ba3b990ad86cc668ef6.hot-update.js
[./src/component/home.js] 1.55 KiB {main} [built] [failed] [1 error]
    + 810 hidden modules

ERROR in ./src/component/home.js
Module build failed (from ./node_modules/babel-loader/lib/index.js):
SyntaxError: /home/luyangfei/deploy/DataVClient/src/component/home.js: Unexpected token (24:12)

  22 | 	render() {
  23 | 		return (
> 24 | 			<divstyle={{"padding":"20px"}}>
     | 			         ^
  25 |                 <div>
  26 |                     <span>案例一</span>
  27 |                 </div>
    at Object._raise (/home/luyangfei/deploy/DataVClient/node_modules/@babel/parser/lib/index.js:757:17)
    at Object.raiseWithData (/home/luyangfei/deploy/DataVClient/node_modules/@babel/parser/lib/index.js:750:17)
    at Object.raise (/home/luyangfei/deploy/DataVClient/node_modules/@babel/parser/lib/index.js:744:17)
    at Object.unexpected (/home/luyangfei/deploy/DataVClient/node_modules/@babel/parser/lib/index.js:8834:16)
    at Object.jsxParseIdentifier (/home/luyangfei/deploy/DataVClient/node_modules/@babel/parser/lib/index.js:4422:12)
    at Object.jsxParseNamespacedName (/home/luyangfei/deploy/DataVClient/node_modules/@babel/parser/lib/index.js:4432:23)
    at Object.jsxParseAttribute (/home/luyangfei/deploy/DataVClient/node_modules/@babel/parser/lib/index.js:4516:22)
    at Object.jsxParseOpeningElementAfterName (/home/luyangfei/deploy/DataVClient/node_modules/@babel/parser/lib/index.js:4537:28)
    at Object.jsxParseOpeningElementAt (/home/luyangfei/deploy/DataVClient/node_modules/@babel/parser/lib/index.js:4530:17)
    at Object.jsxParseElementAt (/home/luyangfei/deploy/DataVClient/node_modules/@babel/parser/lib/index.js:4562:33)
 @ ./src/router/index.js 12:35-63
 @ ./src/index.js
 @ multi webpack/hot/only-dev-server.js ./src/index.js
[34mℹ[39m [90m｢wdm｣[39m: Failed to compile.
[34mℹ[39m [90m｢wdm｣[39m: Compiling...
[34mℹ[39m [90m｢wdm｣[39m: wait until bundle finished: /favicon.ico
[34mℹ[39m [90m｢wdm｣[39m: Hash: 4cba225c261cd4ce20e1
Version: webpack 4.43.0
Time: 960ms
Built at: 07/15/2020 2:04:16 PM
                                  Asset      Size  Chunks                               Chunk Names
                              bundle.js  18.2 MiB    main  [emitted]                    main
   d87d882f64e7a5ddbe64.hot-update.json  46 bytes          [emitted] [immutable] [hmr]  
main.d87d882f64e7a5ddbe64.hot-update.js  9.98 KiB    main  [emitted] [immutable] [hmr]  main
 + 2 hidden assets
Entrypoint main = styles.css styles.bundle.js bundle.js main.d87d882f64e7a5ddbe64.hot-update.js
[./src/component/home.js] 6.92 KiB {main} [built]
    + 810 hidden modules
[34mℹ[39m [90m｢wdm｣[39m: Compiled successfully.
[34mℹ[39m [90m｢wdm｣[39m: Compiling...
[34mℹ[39m [90m｢wdm｣[39m: Hash: 994ce7a3eb28cd7764c7
Version: webpack 4.43.0
Time: 1260ms
Built at: 07/15/2020 2:09:56 PM
                                  Asset      Size  Chunks                               Chunk Names
   4cba225c261cd4ce20e1.hot-update.json  46 bytes          [emitted] [immutable] [hmr]  
                              bundle.js  18.2 MiB    main  [emitted]                    main
main.4cba225c261cd4ce20e1.hot-update.js  9.99 KiB    main  [emitted] [immutable] [hmr]  main
 + 2 hidden assets
Entrypoint main = styles.css styles.bundle.js bundle.js main.4cba225c261cd4ce20e1.hot-update.js
[./src/component/home.js] 6.92 KiB {main} [built]
    + 810 hidden modules
[34mℹ[39m [90m｢wdm｣[39m: Compiled successfully.
[34mℹ[39m [90m｢wdm｣[39m: Compiling...
[34mℹ[39m [90m｢wdm｣[39m: Hash: 24bc30d6df4271cee942
Version: webpack 4.43.0
Time: 1214ms
Built at: 07/15/2020 2:10:08 PM
                                  Asset      Size  Chunks                               Chunk Names
   994ce7a3eb28cd7764c7.hot-update.json  46 bytes          [emitted] [immutable] [hmr]  
                              bundle.js  18.2 MiB    main  [emitted]                    main
main.994ce7a3eb28cd7764c7.hot-update.js  10.1 KiB    main  [emitted] [immutable] [hmr]  main
 + 2 hidden assets
Entrypoint main = styles.css styles.bundle.js bundle.js main.994ce7a3eb28cd7764c7.hot-update.js
[./src/component/home.js] 6.97 KiB {main} [built]
    + 810 hidden modules
[34mℹ[39m [90m｢wdm｣[39m: Compiled successfully.
[34mℹ[39m [90m｢wdm｣[39m: Compiling...
[34mℹ[39m [90m｢wdm｣[39m: Hash: 928b4713e14f56afdd68
Version: webpack 4.43.0
Time: 1365ms
Built at: 07/15/2020 2:11:40 PM
                                  Asset      Size  Chunks                               Chunk Names
   24bc30d6df4271cee942.hot-update.json  46 bytes          [emitted] [immutable] [hmr]  
                              bundle.js  18.2 MiB    main  [emitted]                    main
main.24bc30d6df4271cee942.hot-update.js  10.1 KiB    main  [emitted] [immutable] [hmr]  main
 + 2 hidden assets
Entrypoint main = styles.css styles.bundle.js bundle.js main.24bc30d6df4271cee942.hot-update.js
[./src/component/home.js] 7 KiB {main} [built]
    + 810 hidden modules
[34mℹ[39m [90m｢wdm｣[39m: Compiled successfully.
Killed
npm ERR! code ELIFECYCLE
npm ERR! errno 137
npm ERR! webpack-react@1.0.0 dev: `webpack-dev-server --content-base ./build`
npm ERR! Exit status 137
npm ERR! 
npm ERR! Failed at the webpack-react@1.0.0 dev script.
npm ERR! This is probably not a problem with npm. There is likely additional logging output above.

npm ERR! A complete log of this run can be found in:
npm ERR!     /home/luyangfei/.npm/_logs/2020-07-15T06_11_52_660Z-debug.log

> webpack-react@1.0.0 dev /home/luyangfei/deploy/DataVClient
> webpack-dev-server --content-base ./build

[34mℹ[39m [90m｢wds｣[39m: Project is running at http://192.168.2.134:3600/
[34mℹ[39m [90m｢wds｣[39m: webpack output is served from /
[34mℹ[39m [90m｢wds｣[39m: Content not from webpack is served from /home/luyangfei/deploy/DataVClient/build
[34mℹ[39m [90m｢wds｣[39m: 404s will fallback to /index.html
[34mℹ[39m [90m｢wdm｣[39m: Hash: 7356cc8fd32ef4e43093
Version: webpack 4.43.0
Time: 4453ms
Built at: 07/15/2020 2:12:21 PM
           Asset       Size  Chunks             Chunk Names
       bundle.js   18.2 MiB    main  [emitted]  main
      index.html  386 bytes          [emitted]  
styles.bundle.js   1.66 KiB  styles  [emitted]  styles
      styles.css   1.95 MiB  styles  [emitted]  styles
Entrypoint main = styles.css styles.bundle.js bundle.js
[0] multi (webpack)-dev-server/client?http://192.168.2.134:3600 (webpack)/hot/dev-server.js webpack/hot/only-dev-server.js ./src/index.js 64 bytes {main} [built]
[./node_modules/react-dom/index.js] 1.33 KiB {main} [built]
[./node_modules/react/index.js] 190 bytes {main} [built]
[./node_modules/strip-ansi/index.js] 161 bytes {main} [built]
[./node_modules/webpack-dev-server/client/index.js?http://192.168.2.134:3600] (webpack)-dev-server/client?http://192.168.2.134:3600 4.29 KiB {main} [built]
[./node_modules/webpack-dev-server/client/overlay.js] (webpack)-dev-server/client/overlay.js 3.51 KiB {main} [built]
[./node_modules/webpack-dev-server/client/socket.js] (webpack)-dev-server/client/socket.js 1.53 KiB {main} [built]
[./node_modules/webpack-dev-server/client/utils/createSocketUrl.js] (webpack)-dev-server/client/utils/createSocketUrl.js 2.91 KiB {main} [built]
[./node_modules/webpack-dev-server/client/utils/log.js] (webpack)-dev-server/client/utils/log.js 964 bytes {main} [built]
[./node_modules/webpack-dev-server/client/utils/reloadApp.js] (webpack)-dev-server/client/utils/reloadApp.js 1.59 KiB {main} [built]
[./node_modules/webpack-dev-server/client/utils/sendMessage.js] (webpack)-dev-server/client/utils/sendMessage.js 402 bytes {main} [built]
[./node_modules/webpack/hot sync ^\.\/log$] (webpack)/hot sync nonrecursive ^\.\/log$ 170 bytes {main} [built]
[./node_modules/webpack/hot/dev-server.js] (webpack)/hot/dev-server.js 1.59 KiB {main} [built]
[./node_modules/webpack/hot/only-dev-server.js] (webpack)/hot/only-dev-server.js 2.52 KiB {main} [built]
[./src/index.js] 838 bytes {main} [built]
    + 796 hidden modules
Child HtmlWebpackCompiler:
     1 asset
    Entrypoint HtmlWebpackPlugin_0 = __child-HtmlWebpackPlugin_0
    [./node_modules/html-webpack-plugin/lib/loader.js!./src/template.html] 530 bytes {HtmlWebpackPlugin_0} [built]
Child mini-css-extract-plugin node_modules/css-loader/dist/cjs.js!node_modules/antd/lib/spin/style/index.css:
    Entrypoint mini-css-extract-plugin = *
    [./node_modules/css-loader/dist/cjs.js!./node_modules/antd/lib/spin/style/index.css] 5.78 KiB {mini-css-extract-plugin} [built]
    [./node_modules/css-loader/dist/runtime/api.js] 2.46 KiB {mini-css-extract-plugin} [built]
Child mini-css-extract-plugin node_modules/css-loader/dist/cjs.js!node_modules/antd/lib/style/index.css:
    Entrypoint mini-css-extract-plugin = *
    [./node_modules/css-loader/dist/cjs.js!./node_modules/antd/lib/style/index.css] 52.5 KiB {mini-css-extract-plugin} [built]
    [./node_modules/css-loader/dist/runtime/api.js] 2.46 KiB {mini-css-extract-plugin} [built]
Child mini-css-extract-plugin node_modules/css-loader/dist/cjs.js!src/index.css:
    Entrypoint mini-css-extract-plugin = *
    [./node_modules/css-loader/dist/cjs.js!./node_modules/antd/dist/antd.css] 727 KiB {mini-css-extract-plugin} [built]
    [./node_modules/css-loader/dist/cjs.js!./src/index.css] 1020 bytes {mini-css-extract-plugin} [built]
    [./node_modules/css-loader/dist/runtime/api.js] 2.46 KiB {mini-css-extract-plugin} [built]
[34mℹ[39m [90m｢wdm｣[39m: Compiled successfully.
[34mℹ[39m [90m｢wdm｣[39m: Compiling...
[34mℹ[39m [90m｢wdm｣[39m: Hash: ce80cf4acd7674d65a43
Version: webpack 4.43.0
Time: 1531ms
Built at: 07/15/2020 2:12:52 PM
                                    Asset      Size  Chunks                               Chunk Names
     7356cc8fd32ef4e43093.hot-update.json  60 bytes          [emitted] [immutable] [hmr]  
                                bundle.js  18.2 MiB    main  [emitted]                    main
  main.7356cc8fd32ef4e43093.hot-update.js  10.3 KiB    main  [emitted] [immutable] [hmr]  main
styles.7356cc8fd32ef4e43093.hot-update.js  1.74 KiB  styles  [emitted] [immutable] [hmr]  styles
                         styles.bundle.js  1.66 KiB  styles  [emitted]                    styles
                               styles.css  1.95 MiB  styles  [emitted]                    styles
Entrypoint main = styles.css styles.bundle.js styles.7356cc8fd32ef4e43093.hot-update.js bundle.js main.7356cc8fd32ef4e43093.hot-update.js
[./src/component/home.js] 7.07 KiB {main} [built]
    + 810 hidden modules
[34mℹ[39m [90m｢wdm｣[39m: Compiled successfully.
[34mℹ[39m [90m｢wdm｣[39m: Compiling...
[34mℹ[39m [90m｢wdm｣[39m: Hash: b1e9758b3a38fdb08d43
Version: webpack 4.43.0
Time: 1399ms
Built at: 07/15/2020 2:14:37 PM
                                  Asset      Size  Chunks                               Chunk Names
                              bundle.js  18.2 MiB    main  [emitted]                    main
   ce80cf4acd7674d65a43.hot-update.json  46 bytes          [emitted] [immutable] [hmr]  
main.ce80cf4acd7674d65a43.hot-update.js  11.1 KiB    main  [emitted] [immutable] [hmr]  main
 + 2 hidden assets
Entrypoint main = styles.css styles.bundle.js bundle.js main.ce80cf4acd7674d65a43.hot-update.js
[./src/component/home.js] 7.52 KiB {main} [built]
    + 810 hidden modules
[34mℹ[39m [90m｢wdm｣[39m: Compiled successfully.
Killed
npm ERR! code ELIFECYCLE
npm ERR! errno 137
npm ERR! webpack-react@1.0.0 dev: `webpack-dev-server --content-base ./build`
npm ERR! Exit status 137
npm ERR! 
npm ERR! Failed at the webpack-react@1.0.0 dev script.
npm ERR! This is probably not a problem with npm. There is likely additional logging output above.

npm ERR! A complete log of this run can be found in:
npm ERR!     /home/luyangfei/.npm/_logs/2020-07-15T06_15_22_878Z-debug.log

> webpack-react@1.0.0 dev /home/luyangfei/deploy/DataVClient
> webpack-dev-server --content-base ./build

[34mℹ[39m [90m｢wds｣[39m: Project is running at http://192.168.2.134:3600/
[34mℹ[39m [90m｢wds｣[39m: webpack output is served from /
[34mℹ[39m [90m｢wds｣[39m: Content not from webpack is served from /home/luyangfei/deploy/DataVClient/build
[34mℹ[39m [90m｢wds｣[39m: 404s will fallback to /index.html
[34mℹ[39m [90m｢wdm｣[39m: Hash: 624e223a9fe5556c4d8d
Version: webpack 4.43.0
Time: 4202ms
Built at: 07/15/2020 2:15:46 PM
           Asset       Size  Chunks             Chunk Names
       bundle.js   18.2 MiB    main  [emitted]  main
      index.html  386 bytes          [emitted]  
styles.bundle.js   1.66 KiB  styles  [emitted]  styles
      styles.css   1.95 MiB  styles  [emitted]  styles
Entrypoint main = styles.css styles.bundle.js bundle.js
[0] multi (webpack)-dev-server/client?http://192.168.2.134:3600 (webpack)/hot/dev-server.js webpack/hot/only-dev-server.js ./src/index.js 64 bytes {main} [built]
[./node_modules/react-dom/index.js] 1.33 KiB {main} [built]
[./node_modules/react/index.js] 190 bytes {main} [built]
[./node_modules/strip-ansi/index.js] 161 bytes {main} [built]
[./node_modules/webpack-dev-server/client/index.js?http://192.168.2.134:3600] (webpack)-dev-server/client?http://192.168.2.134:3600 4.29 KiB {main} [built]
[./node_modules/webpack-dev-server/client/overlay.js] (webpack)-dev-server/client/overlay.js 3.51 KiB {main} [built]
[./node_modules/webpack-dev-server/client/socket.js] (webpack)-dev-server/client/socket.js 1.53 KiB {main} [built]
[./node_modules/webpack-dev-server/client/utils/createSocketUrl.js] (webpack)-dev-server/client/utils/createSocketUrl.js 2.91 KiB {main} [built]
[./node_modules/webpack-dev-server/client/utils/log.js] (webpack)-dev-server/client/utils/log.js 964 bytes {main} [built]
[./node_modules/webpack-dev-server/client/utils/reloadApp.js] (webpack)-dev-server/client/utils/reloadApp.js 1.59 KiB {main} [built]
[./node_modules/webpack-dev-server/client/utils/sendMessage.js] (webpack)-dev-server/client/utils/sendMessage.js 402 bytes {main} [built]
[./node_modules/webpack/hot sync ^\.\/log$] (webpack)/hot sync nonrecursive ^\.\/log$ 170 bytes {main} [built]
[./node_modules/webpack/hot/dev-server.js] (webpack)/hot/dev-server.js 1.59 KiB {main} [built]
[./node_modules/webpack/hot/only-dev-server.js] (webpack)/hot/only-dev-server.js 2.52 KiB {main} [built]
[./src/index.js] 838 bytes {main} [built]
    + 796 hidden modules
Child HtmlWebpackCompiler:
     1 asset
    Entrypoint HtmlWebpackPlugin_0 = __child-HtmlWebpackPlugin_0
    [./node_modules/html-webpack-plugin/lib/loader.js!./src/template.html] 530 bytes {HtmlWebpackPlugin_0} [built]
Child mini-css-extract-plugin node_modules/css-loader/dist/cjs.js!node_modules/antd/lib/spin/style/index.css:
    Entrypoint mini-css-extract-plugin = *
    [./node_modules/css-loader/dist/cjs.js!./node_modules/antd/lib/spin/style/index.css] 5.78 KiB {mini-css-extract-plugin} [built]
    [./node_modules/css-loader/dist/runtime/api.js] 2.46 KiB {mini-css-extract-plugin} [built]
Child mini-css-extract-plugin node_modules/css-loader/dist/cjs.js!node_modules/antd/lib/style/index.css:
    Entrypoint mini-css-extract-plugin = *
    [./node_modules/css-loader/dist/cjs.js!./node_modules/antd/lib/style/index.css] 52.5 KiB {mini-css-extract-plugin} [built]
    [./node_modules/css-loader/dist/runtime/api.js] 2.46 KiB {mini-css-extract-plugin} [built]
Child mini-css-extract-plugin node_modules/css-loader/dist/cjs.js!src/index.css:
    Entrypoint mini-css-extract-plugin = *
    [./node_modules/css-loader/dist/cjs.js!./node_modules/antd/dist/antd.css] 727 KiB {mini-css-extract-plugin} [built]
    [./node_modules/css-loader/dist/cjs.js!./src/index.css] 1020 bytes {mini-css-extract-plugin} [built]
    [./node_modules/css-loader/dist/runtime/api.js] 2.46 KiB {mini-css-extract-plugin} [built]
[34mℹ[39m [90m｢wdm｣[39m: Compiled successfully.
[34mℹ[39m [90m｢wdm｣[39m: Compiling...
[34mℹ[39m [90m｢wdm｣[39m: Hash: 3b10f1052517ce192ddb
Version: webpack 4.43.0
Time: 1485ms
Built at: 07/15/2020 2:18:01 PM
                                    Asset      Size  Chunks                               Chunk Names
     624e223a9fe5556c4d8d.hot-update.json  60 bytes          [emitted] [immutable] [hmr]  
                                bundle.js  18.2 MiB    main  [emitted]                    main
  main.624e223a9fe5556c4d8d.hot-update.js  11.2 KiB    main  [emitted] [immutable] [hmr]  main
styles.624e223a9fe5556c4d8d.hot-update.js  1.74 KiB  styles  [emitted] [immutable] [hmr]  styles
                         styles.bundle.js  1.66 KiB  styles  [emitted]                    styles
                               styles.css  1.95 MiB  styles  [emitted]                    styles
Entrypoint main = styles.css styles.bundle.js styles.624e223a9fe5556c4d8d.hot-update.js bundle.js main.624e223a9fe5556c4d8d.hot-update.js
[./src/component/home.js] 7.52 KiB {main} [built]
    + 810 hidden modules
[34mℹ[39m [90m｢wdm｣[39m: Compiled successfully.
Killed
npm ERR! code ELIFECYCLE
npm ERR! errno 137
npm ERR! webpack-react@1.0.0 dev: `webpack-dev-server --content-base ./build`
npm ERR! Exit status 137
npm ERR! 
npm ERR! Failed at the webpack-react@1.0.0 dev script.
npm ERR! This is probably not a problem with npm. There is likely additional logging output above.

npm ERR! A complete log of this run can be found in:
npm ERR!     /home/luyangfei/.npm/_logs/2020-07-15T06_18_15_027Z-debug.log

> webpack-react@1.0.0 dev /home/luyangfei/deploy/DataVClient
> webpack-dev-server --content-base ./build

[34mℹ[39m [90m｢wds｣[39m: Project is running at http://192.168.2.134:3600/
[34mℹ[39m [90m｢wds｣[39m: webpack output is served from /
[34mℹ[39m [90m｢wds｣[39m: Content not from webpack is served from /home/luyangfei/deploy/DataVClient/build
[34mℹ[39m [90m｢wds｣[39m: 404s will fallback to /index.html
[34mℹ[39m [90m｢wdm｣[39m: wait until bundle finished: /echarts0
[34mℹ[39m [90m｢wdm｣[39m: wait until bundle finished: /echarts0
[34mℹ[39m [90m｢wdm｣[39m: wait until bundle finished: /echarts0
[34mℹ[39m [90m｢wdm｣[39m: wait until bundle finished: /echarts0
[34mℹ[39m [90m｢wdm｣[39m: wait until bundle finished: /echarts0
[34mℹ[39m [90m｢wdm｣[39m: wait until bundle finished: /echarts0
[34mℹ[39m [90m｢wdm｣[39m: wait until bundle finished: /echarts0
[34mℹ[39m [90m｢wdm｣[39m: wait until bundle finished: /echarts0
[34mℹ[39m [90m｢wdm｣[39m: wait until bundle finished: /echarts0
[34mℹ[39m [90m｢wdm｣[39m: Hash: e5d8f46d1466307a2751
Version: webpack 4.43.0
Time: 4436ms
Built at: 07/15/2020 2:18:37 PM
           Asset       Size  Chunks             Chunk Names
       bundle.js   18.2 MiB    main  [emitted]  main
      index.html  386 bytes          [emitted]  
styles.bundle.js   1.66 KiB  styles  [emitted]  styles
      styles.css   1.95 MiB  styles  [emitted]  styles
Entrypoint main = styles.css styles.bundle.js bundle.js
[0] multi (webpack)-dev-server/client?http://192.168.2.134:3600 (webpack)/hot/dev-server.js webpack/hot/only-dev-server.js ./src/index.js 64 bytes {main} [built]
[./node_modules/react-dom/index.js] 1.33 KiB {main} [built]
[./node_modules/react/index.js] 190 bytes {main} [built]
[./node_modules/strip-ansi/index.js] 161 bytes {main} [built]
[./node_modules/webpack-dev-server/client/index.js?http://192.168.2.134:3600] (webpack)-dev-server/client?http://192.168.2.134:3600 4.29 KiB {main} [built]
[./node_modules/webpack-dev-server/client/overlay.js] (webpack)-dev-server/client/overlay.js 3.51 KiB {main} [built]
[./node_modules/webpack-dev-server/client/socket.js] (webpack)-dev-server/client/socket.js 1.53 KiB {main} [built]
[./node_modules/webpack-dev-server/client/utils/createSocketUrl.js] (webpack)-dev-server/client/utils/createSocketUrl.js 2.91 KiB {main} [built]
[./node_modules/webpack-dev-server/client/utils/log.js] (webpack)-dev-server/client/utils/log.js 964 bytes {main} [built]
[./node_modules/webpack-dev-server/client/utils/reloadApp.js] (webpack)-dev-server/client/utils/reloadApp.js 1.59 KiB {main} [built]
[./node_modules/webpack-dev-server/client/utils/sendMessage.js] (webpack)-dev-server/client/utils/sendMessage.js 402 bytes {main} [built]
[./node_modules/webpack/hot sync ^\.\/log$] (webpack)/hot sync nonrecursive ^\.\/log$ 170 bytes {main} [built]
[./node_modules/webpack/hot/dev-server.js] (webpack)/hot/dev-server.js 1.59 KiB {main} [built]
[./node_modules/webpack/hot/only-dev-server.js] (webpack)/hot/only-dev-server.js 2.52 KiB {main} [built]
[./src/index.js] 838 bytes {main} [built]
    + 796 hidden modules
Child HtmlWebpackCompiler:
     1 asset
    Entrypoint HtmlWebpackPlugin_0 = __child-HtmlWebpackPlugin_0
    [./node_modules/html-webpack-plugin/lib/loader.js!./src/template.html] 530 bytes {HtmlWebpackPlugin_0} [built]
Child mini-css-extract-plugin node_modules/css-loader/dist/cjs.js!node_modules/antd/lib/spin/style/index.css:
    Entrypoint mini-css-extract-plugin = *
    [./node_modules/css-loader/dist/cjs.js!./node_modules/antd/lib/spin/style/index.css] 5.78 KiB {mini-css-extract-plugin} [built]
    [./node_modules/css-loader/dist/runtime/api.js] 2.46 KiB {mini-css-extract-plugin} [built]
Child mini-css-extract-plugin node_modules/css-loader/dist/cjs.js!node_modules/antd/lib/style/index.css:
    Entrypoint mini-css-extract-plugin = *
    [./node_modules/css-loader/dist/cjs.js!./node_modules/antd/lib/style/index.css] 52.5 KiB {mini-css-extract-plugin} [built]
    [./node_modules/css-loader/dist/runtime/api.js] 2.46 KiB {mini-css-extract-plugin} [built]
Child mini-css-extract-plugin node_modules/css-loader/dist/cjs.js!src/index.css:
    Entrypoint mini-css-extract-plugin = *
    [./node_modules/css-loader/dist/cjs.js!./node_modules/antd/dist/antd.css] 727 KiB {mini-css-extract-plugin} [built]
    [./node_modules/css-loader/dist/cjs.js!./src/index.css] 1020 bytes {mini-css-extract-plugin} [built]
    [./node_modules/css-loader/dist/runtime/api.js] 2.46 KiB {mini-css-extract-plugin} [built]
[34mℹ[39m [90m｢wdm｣[39m: Compiled successfully.
[34mℹ[39m [90m｢wdm｣[39m: Compiling...
[34mℹ[39m [90m｢wdm｣[39m: Hash: eb588eaeef50a398e5f5
Version: webpack 4.43.0
Time: 1420ms
Built at: 07/15/2020 2:19:17 PM
                                    Asset      Size  Chunks                               Chunk Names
                                bundle.js  18.2 MiB    main  [emitted]                    main
     e5d8f46d1466307a2751.hot-update.json  60 bytes          [emitted] [immutable] [hmr]  
  main.e5d8f46d1466307a2751.hot-update.js  11.2 KiB    main  [emitted] [immutable] [hmr]  main
                         styles.bundle.js  1.66 KiB  styles  [emitted]                    styles
                               styles.css  1.95 MiB  styles  [emitted]                    styles
styles.e5d8f46d1466307a2751.hot-update.js  1.74 KiB  styles  [emitted] [immutable] [hmr]  styles
Entrypoint main = styles.css styles.bundle.js styles.e5d8f46d1466307a2751.hot-update.js bundle.js main.e5d8f46d1466307a2751.hot-update.js
[./src/component/home.js] 7.53 KiB {main} [built]
    + 810 hidden modules
[34mℹ[39m [90m｢wdm｣[39m: Compiled successfully.
Killed
npm ERR! code ELIFECYCLE
npm ERR! errno 137
npm ERR! webpack-react@1.0.0 dev: `webpack-dev-server --content-base ./build`
npm ERR! Exit status 137
npm ERR! 
npm ERR! Failed at the webpack-react@1.0.0 dev script.
npm ERR! This is probably not a problem with npm. There is likely additional logging output above.

npm ERR! A complete log of this run can be found in:
npm ERR!     /home/luyangfei/.npm/_logs/2020-07-15T06_26_27_499Z-debug.log

> webpack-react@1.0.0 dev /home/luyangfei/deploy/DataVClient
> webpack-dev-server --content-base ./build

[34mℹ[39m [90m｢wds｣[39m: Project is running at http://192.168.2.134:3600/
[34mℹ[39m [90m｢wds｣[39m: webpack output is served from /
[34mℹ[39m [90m｢wds｣[39m: Content not from webpack is served from /home/luyangfei/deploy/DataVClient/build
[34mℹ[39m [90m｢wds｣[39m: 404s will fallback to /index.html
[34mℹ[39m [90m｢wdm｣[39m: Hash: 761f5dc541d9e5d93623
Version: webpack 4.43.0
Time: 4458ms
Built at: 07/15/2020 4:58:40 PM
           Asset       Size  Chunks             Chunk Names
       bundle.js   18.3 MiB    main  [emitted]  main
      index.html  386 bytes          [emitted]  
styles.bundle.js   1.66 KiB  styles  [emitted]  styles
      styles.css   1.95 MiB  styles  [emitted]  styles
Entrypoint main = styles.css styles.bundle.js bundle.js
[0] multi (webpack)-dev-server/client?http://192.168.2.134:3600 (webpack)/hot/dev-server.js webpack/hot/only-dev-server.js ./src/index.js 64 bytes {main} [built]
[./node_modules/react-dom/index.js] 1.33 KiB {main} [built]
[./node_modules/react/index.js] 190 bytes {main} [built]
[./node_modules/strip-ansi/index.js] 161 bytes {main} [built]
[./node_modules/webpack-dev-server/client/index.js?http://192.168.2.134:3600] (webpack)-dev-server/client?http://192.168.2.134:3600 4.29 KiB {main} [built]
[./node_modules/webpack-dev-server/client/overlay.js] (webpack)-dev-server/client/overlay.js 3.51 KiB {main} [built]
[./node_modules/webpack-dev-server/client/socket.js] (webpack)-dev-server/client/socket.js 1.53 KiB {main} [built]
[./node_modules/webpack-dev-server/client/utils/createSocketUrl.js] (webpack)-dev-server/client/utils/createSocketUrl.js 2.91 KiB {main} [built]
[./node_modules/webpack-dev-server/client/utils/log.js] (webpack)-dev-server/client/utils/log.js 964 bytes {main} [built]
[./node_modules/webpack-dev-server/client/utils/reloadApp.js] (webpack)-dev-server/client/utils/reloadApp.js 1.59 KiB {main} [built]
[./node_modules/webpack-dev-server/client/utils/sendMessage.js] (webpack)-dev-server/client/utils/sendMessage.js 402 bytes {main} [built]
[./node_modules/webpack/hot sync ^\.\/log$] (webpack)/hot sync nonrecursive ^\.\/log$ 170 bytes {main} [built]
[./node_modules/webpack/hot/dev-server.js] (webpack)/hot/dev-server.js 1.59 KiB {main} [built]
[./node_modules/webpack/hot/only-dev-server.js] (webpack)/hot/only-dev-server.js 2.52 KiB {main} [built]
[./src/index.js] 838 bytes {main} [built]
    + 797 hidden modules
Child HtmlWebpackCompiler:
     1 asset
    Entrypoint HtmlWebpackPlugin_0 = __child-HtmlWebpackPlugin_0
    [./node_modules/html-webpack-plugin/lib/loader.js!./src/template.html] 530 bytes {HtmlWebpackPlugin_0} [built]
Child mini-css-extract-plugin node_modules/css-loader/dist/cjs.js!node_modules/antd/lib/spin/style/index.css:
    Entrypoint mini-css-extract-plugin = *
    [./node_modules/css-loader/dist/cjs.js!./node_modules/antd/lib/spin/style/index.css] 5.78 KiB {mini-css-extract-plugin} [built]
    [./node_modules/css-loader/dist/runtime/api.js] 2.46 KiB {mini-css-extract-plugin} [built]
Child mini-css-extract-plugin node_modules/css-loader/dist/cjs.js!node_modules/antd/lib/style/index.css:
    Entrypoint mini-css-extract-plugin = *
    [./node_modules/css-loader/dist/cjs.js!./node_modules/antd/lib/style/index.css] 52.5 KiB {mini-css-extract-plugin} [built]
    [./node_modules/css-loader/dist/runtime/api.js] 2.46 KiB {mini-css-extract-plugin} [built]
Child mini-css-extract-plugin node_modules/css-loader/dist/cjs.js!src/index.css:
    Entrypoint mini-css-extract-plugin = *
    [./node_modules/css-loader/dist/cjs.js!./node_modules/antd/dist/antd.css] 727 KiB {mini-css-extract-plugin} [built]
    [./node_modules/css-loader/dist/cjs.js!./src/index.css] 1020 bytes {mini-css-extract-plugin} [built]
    [./node_modules/css-loader/dist/runtime/api.js] 2.46 KiB {mini-css-extract-plugin} [built]
[34mℹ[39m [90m｢wdm｣[39m: Compiled successfully.
Killed
npm ERR! code ELIFECYCLE
npm ERR! errno 137
npm ERR! webpack-react@1.0.0 dev: `webpack-dev-server --content-base ./build`
npm ERR! Exit status 137
npm ERR! 
npm ERR! Failed at the webpack-react@1.0.0 dev script.
npm ERR! This is probably not a problem with npm. There is likely additional logging output above.

npm ERR! A complete log of this run can be found in:
npm ERR!     /home/luyangfei/.npm/_logs/2020-07-15T09_01_13_154Z-debug.log

> webpack-react@1.0.0 dev /home/luyangfei/deploy/DataVClient
> webpack-dev-server --content-base ./build

[34mℹ[39m [90m｢wds｣[39m: Project is running at http://192.168.2.134:3600/
[34mℹ[39m [90m｢wds｣[39m: webpack output is served from /
[34mℹ[39m [90m｢wds｣[39m: Content not from webpack is served from /home/luyangfei/deploy/DataVClient/build
[34mℹ[39m [90m｢wds｣[39m: 404s will fallback to /index.html
[34mℹ[39m [90m｢wdm｣[39m: Hash: 761f5dc541d9e5d93623
Version: webpack 4.43.0
Time: 4349ms
Built at: 07/15/2020 5:02:36 PM
           Asset       Size  Chunks             Chunk Names
       bundle.js   18.3 MiB    main  [emitted]  main
      index.html  386 bytes          [emitted]  
styles.bundle.js   1.66 KiB  styles  [emitted]  styles
      styles.css   1.95 MiB  styles  [emitted]  styles
Entrypoint main = styles.css styles.bundle.js bundle.js
[0] multi (webpack)-dev-server/client?http://192.168.2.134:3600 (webpack)/hot/dev-server.js webpack/hot/only-dev-server.js ./src/index.js 64 bytes {main} [built]
[./node_modules/react-dom/index.js] 1.33 KiB {main} [built]
[./node_modules/react/index.js] 190 bytes {main} [built]
[./node_modules/strip-ansi/index.js] 161 bytes {main} [built]
[./node_modules/webpack-dev-server/client/index.js?http://192.168.2.134:3600] (webpack)-dev-server/client?http://192.168.2.134:3600 4.29 KiB {main} [built]
[./node_modules/webpack-dev-server/client/overlay.js] (webpack)-dev-server/client/overlay.js 3.51 KiB {main} [built]
[./node_modules/webpack-dev-server/client/socket.js] (webpack)-dev-server/client/socket.js 1.53 KiB {main} [built]
[./node_modules/webpack-dev-server/client/utils/createSocketUrl.js] (webpack)-dev-server/client/utils/createSocketUrl.js 2.91 KiB {main} [built]
[./node_modules/webpack-dev-server/client/utils/log.js] (webpack)-dev-server/client/utils/log.js 964 bytes {main} [built]
[./node_modules/webpack-dev-server/client/utils/reloadApp.js] (webpack)-dev-server/client/utils/reloadApp.js 1.59 KiB {main} [built]
[./node_modules/webpack-dev-server/client/utils/sendMessage.js] (webpack)-dev-server/client/utils/sendMessage.js 402 bytes {main} [built]
[./node_modules/webpack/hot sync ^\.\/log$] (webpack)/hot sync nonrecursive ^\.\/log$ 170 bytes {main} [built]
[./node_modules/webpack/hot/dev-server.js] (webpack)/hot/dev-server.js 1.59 KiB {main} [built]
[./node_modules/webpack/hot/only-dev-server.js] (webpack)/hot/only-dev-server.js 2.52 KiB {main} [built]
[./src/index.js] 838 bytes {main} [built]
    + 797 hidden modules
Child HtmlWebpackCompiler:
     1 asset
    Entrypoint HtmlWebpackPlugin_0 = __child-HtmlWebpackPlugin_0
    [./node_modules/html-webpack-plugin/lib/loader.js!./src/template.html] 530 bytes {HtmlWebpackPlugin_0} [built]
Child mini-css-extract-plugin node_modules/css-loader/dist/cjs.js!node_modules/antd/lib/spin/style/index.css:
    Entrypoint mini-css-extract-plugin = *
    [./node_modules/css-loader/dist/cjs.js!./node_modules/antd/lib/spin/style/index.css] 5.78 KiB {mini-css-extract-plugin} [built]
    [./node_modules/css-loader/dist/runtime/api.js] 2.46 KiB {mini-css-extract-plugin} [built]
Child mini-css-extract-plugin node_modules/css-loader/dist/cjs.js!node_modules/antd/lib/style/index.css:
    Entrypoint mini-css-extract-plugin = *
    [./node_modules/css-loader/dist/cjs.js!./node_modules/antd/lib/style/index.css] 52.5 KiB {mini-css-extract-plugin} [built]
    [./node_modules/css-loader/dist/runtime/api.js] 2.46 KiB {mini-css-extract-plugin} [built]
Child mini-css-extract-plugin node_modules/css-loader/dist/cjs.js!src/index.css:
    Entrypoint mini-css-extract-plugin = *
    [./node_modules/css-loader/dist/cjs.js!./node_modules/antd/dist/antd.css] 727 KiB {mini-css-extract-plugin} [built]
    [./node_modules/css-loader/dist/cjs.js!./src/index.css] 1020 bytes {mini-css-extract-plugin} [built]
    [./node_modules/css-loader/dist/runtime/api.js] 2.46 KiB {mini-css-extract-plugin} [built]
[34mℹ[39m [90m｢wdm｣[39m: Compiled successfully.
[34mℹ[39m [90m｢wdm｣[39m: Compiling...
[34mℹ[39m [90m｢wdm｣[39m: Hash: 1ba1930cc52fb07d973a
Version: webpack 4.43.0
Time: 1570ms
Built at: 07/15/2020 5:04:22 PM
                                    Asset      Size  Chunks                               Chunk Names
     761f5dc541d9e5d93623.hot-update.json  60 bytes          [emitted] [immutable] [hmr]  
                                bundle.js  18.3 MiB    main  [emitted]                    main
  main.761f5dc541d9e5d93623.hot-update.js  39.5 KiB    main  [emitted] [immutable] [hmr]  main
styles.761f5dc541d9e5d93623.hot-update.js  1.74 KiB  styles  [emitted] [immutable] [hmr]  styles
                         styles.bundle.js  1.66 KiB  styles  [emitted]                    styles
                               styles.css  1.95 MiB  styles  [emitted]                    styles
Entrypoint main = styles.css styles.bundle.js styles.761f5dc541d9e5d93623.hot-update.js bundle.js main.761f5dc541d9e5d93623.hot-update.js
[./src/component/Excel.js] 14.6 KiB {main} [built]
    + 811 hidden modules
[34mℹ[39m [90m｢wdm｣[39m: Compiled successfully.
[34mℹ[39m [90m｢wdm｣[39m: Compiling...
[34mℹ[39m [90m｢wdm｣[39m: Hash: 834391e890fcba87fa96
Version: webpack 4.43.0
Time: 1403ms
Built at: 07/15/2020 5:11:26 PM
                                  Asset      Size  Chunks                               Chunk Names
   1ba1930cc52fb07d973a.hot-update.json  46 bytes          [emitted] [immutable] [hmr]  
                              bundle.js  18.3 MiB    main  [emitted]                    main
main.1ba1930cc52fb07d973a.hot-update.js  39.2 KiB    main  [emitted] [immutable] [hmr]  main
 + 2 hidden assets
Entrypoint main = styles.css styles.bundle.js bundle.js main.1ba1930cc52fb07d973a.hot-update.js
[./src/component/Excel.js] 14.6 KiB {main} [built]
    + 811 hidden modules
[34mℹ[39m [90m｢wdm｣[39m: Compiled successfully.
[34mℹ[39m [90m｢wdm｣[39m: Compiling...
[34mℹ[39m [90m｢wdm｣[39m: Hash: 834391e890fcba87fa96
Version: webpack 4.43.0
Time: 363ms
Built at: 07/15/2020 5:13:07 PM
 3 assets
Entrypoint main = styles.css styles.bundle.js bundle.js
[./src/component/Excel.js] 14.6 KiB {main} [built]
    + 811 hidden modules
[34mℹ[39m [90m｢wdm｣[39m: Compiled successfully.
[34mℹ[39m [90m｢wdm｣[39m: Compiling...
[34mℹ[39m [90m｢wdm｣[39m: Hash: eeeb5944455efa523408
Version: webpack 4.43.0
Time: 1278ms
Built at: 07/15/2020 5:14:06 PM
                                  Asset      Size  Chunks                               Chunk Names
   834391e890fcba87fa96.hot-update.json  46 bytes          [emitted] [immutable] [hmr]  
                              bundle.js  18.3 MiB    main  [emitted]                    main
main.834391e890fcba87fa96.hot-update.js  39.2 KiB    main  [emitted] [immutable] [hmr]  main
 + 2 hidden assets
Entrypoint main = styles.css styles.bundle.js bundle.js main.834391e890fcba87fa96.hot-update.js
[./src/component/Excel.js] 14.6 KiB {main} [built]
    + 811 hidden modules
[34mℹ[39m [90m｢wdm｣[39m: Compiled successfully.
Killed
npm ERR! code ELIFECYCLE
npm ERR! errno 137
npm ERR! webpack-react@1.0.0 dev: `webpack-dev-server --content-base ./build`
npm ERR! Exit status 137
npm ERR! 
npm ERR! Failed at the webpack-react@1.0.0 dev script.
npm ERR! This is probably not a problem with npm. There is likely additional logging output above.

npm ERR! A complete log of this run can be found in:
npm ERR!     /home/luyangfei/.npm/_logs/2020-07-16T01_10_26_465Z-debug.log

> webpack-react@1.0.0 dev /home/luyangfei/deploy/DataVClient
> webpack-dev-server --content-base ./build

[34mℹ[39m [90m｢wds｣[39m: Project is running at http://192.168.2.134:3600/
[34mℹ[39m [90m｢wds｣[39m: webpack output is served from /
[34mℹ[39m [90m｢wds｣[39m: Content not from webpack is served from /home/luyangfei/deploy/DataVClient/build
[34mℹ[39m [90m｢wds｣[39m: 404s will fallback to /index.html
[34mℹ[39m [90m｢wdm｣[39m: Hash: b480cd211cbfa2b9e6b5
Version: webpack 4.43.0
Time: 5224ms
Built at: 07/16/2020 10:09:30 AM
           Asset       Size  Chunks             Chunk Names
       bundle.js   18.3 MiB    main  [emitted]  main
      index.html  386 bytes          [emitted]  
styles.bundle.js   1.59 KiB  styles  [emitted]  styles
      styles.css    756 KiB  styles  [emitted]  styles
Entrypoint main = styles.bundle.js styles.css bundle.js
[0] multi (webpack)-dev-server/client?http://192.168.2.134:3600 (webpack)/hot/dev-server.js webpack/hot/only-dev-server.js ./src/index.js 64 bytes {main} [built]
[./node_modules/react-dom/index.js] 1.33 KiB {main} [built]
[./node_modules/react/index.js] 190 bytes {main} [built]
[./node_modules/strip-ansi/index.js] 161 bytes {main} [built]
[./node_modules/webpack-dev-server/client/index.js?http://192.168.2.134:3600] (webpack)-dev-server/client?http://192.168.2.134:3600 4.29 KiB {main} [built]
[./node_modules/webpack-dev-server/client/overlay.js] (webpack)-dev-server/client/overlay.js 3.51 KiB {main} [built]
[./node_modules/webpack-dev-server/client/socket.js] (webpack)-dev-server/client/socket.js 1.53 KiB {main} [built]
[./node_modules/webpack-dev-server/client/utils/createSocketUrl.js] (webpack)-dev-server/client/utils/createSocketUrl.js 2.91 KiB {main} [built]
[./node_modules/webpack-dev-server/client/utils/log.js] (webpack)-dev-server/client/utils/log.js 964 bytes {main} [built]
[./node_modules/webpack-dev-server/client/utils/reloadApp.js] (webpack)-dev-server/client/utils/reloadApp.js 1.59 KiB {main} [built]
[./node_modules/webpack-dev-server/client/utils/sendMessage.js] (webpack)-dev-server/client/utils/sendMessage.js 402 bytes {main} [built]
[./node_modules/webpack/hot sync ^\.\/log$] (webpack)/hot sync nonrecursive ^\.\/log$ 170 bytes {main} [built]
[./node_modules/webpack/hot/dev-server.js] (webpack)/hot/dev-server.js 1.59 KiB {main} [built]
[./node_modules/webpack/hot/only-dev-server.js] (webpack)/hot/only-dev-server.js 2.52 KiB {main} [built]
[./src/index.js] 838 bytes {main} [built]
    + 799 hidden modules
Child HtmlWebpackCompiler:
     1 asset
    Entrypoint HtmlWebpackPlugin_0 = __child-HtmlWebpackPlugin_0
    [./node_modules/html-webpack-plugin/lib/loader.js!./src/template.html] 530 bytes {HtmlWebpackPlugin_0} [built]
Child extract-text-webpack-plugin node_modules/extract-text-webpack-plugin/dist node_modules/css-loader/dist/cjs.js!node_modules/antd/lib/spin/style/index.css:
    Entrypoint undefined = extract-text-webpack-plugin-output-filename
    [./node_modules/css-loader/dist/cjs.js!./node_modules/antd/lib/spin/style/index.css] 5.78 KiB {0} [built]
    [./node_modules/css-loader/dist/runtime/api.js] 2.46 KiB {0} [built]
Child extract-text-webpack-plugin node_modules/extract-text-webpack-plugin/dist node_modules/css-loader/dist/cjs.js!node_modules/antd/lib/style/index.css:
    Entrypoint undefined = extract-text-webpack-plugin-output-filename
    [./node_modules/css-loader/dist/cjs.js!./node_modules/antd/lib/style/index.css] 52.5 KiB {0} [built]
    [./node_modules/css-loader/dist/runtime/api.js] 2.46 KiB {0} [built]
Child extract-text-webpack-plugin node_modules/extract-text-webpack-plugin/dist node_modules/css-loader/dist/cjs.js!src/index.css:
    Entrypoint undefined = extract-text-webpack-plugin-output-filename
    [./node_modules/css-loader/dist/cjs.js!./node_modules/antd/dist/antd.css] 727 KiB {0} [built]
    [./node_modules/css-loader/dist/cjs.js!./src/index.css] 1020 bytes {0} [built]
    [./node_modules/css-loader/dist/runtime/api.js] 2.46 KiB {0} [built]
[34mℹ[39m [90m｢wdm｣[39m: Compiled successfully.
